#
# A fatal error has been detected by the Java Runtime Environment:
#
#  SIGBUS (0xa) at pc=0x000000010b4ba53c, pid=11800, tid=8195
#
# JRE version: OpenJDK Runtime Environment (18.0.2+9) (build 18.0.2+9-61)
# Java VM: OpenJDK 64-Bit Server VM (18.0.2+9-61, mixed mode, sharing, tiered, compressed oops, compressed class ptrs, g1 gc, bsd-amd64)
# Problematic frame:
# C  [libzip.dylib+0x653c]  newEntry+0x5c
#
# No core dump will be written. Core dumps have been disabled. To enable core dumping, try "ulimit -c unlimited" before starting Java again
#
# If you would like to submit a bug report, please visit:
#   https://bugreport.java.com/bugreport/crash.jsp
# The crash happened outside the Java Virtual Machine in native code.
# See problematic frame for where to report the bug.
#

---------------  S U M M A R Y ------------

Command Line: -agentlib:jdwp=transport=dt_socket,address=127.0.0.1:56078,suspend=y,server=n -ea -Didea.test.cyclic.buffer.size=1048576 -javaagent:/Users/rapido/Library/Caches/JetBrains/IdeaIC2022.1/captureAgent/debugger-agent.jar -Dfile.encoding=UTF-8 com.intellij.rt.junit.JUnitStarter -ideVersion5 -junit5 @w@/private/var/folders/v9/klx3zjwn7190pz9z13lt6hk80000gn/T/idea_working_dirs_junit1.tmp @/private/var/folders/v9/klx3zjwn7190pz9z13lt6hk80000gn/T/idea_junit1.tmp

Host: "MacBookPro18,1" x86_64 (EMULATED) 2400 MHz, 10 cores, 16G, Darwin 21.3.0, macOS 12.2.1 (21D62)
Time: Mon Aug  8 11:08:10 2022 IST elapsed time: 0.229008 seconds (0d 0h 0m 0s)

---------------  T H R E A D  ---------------

Current thread (0x00007f7cbd008a00):  JavaThread "main" [_thread_in_native, id=8195, stack(0x0000000309d55000,0x0000000309e55000)]

Stack: [0x0000000309d55000,0x0000000309e55000],  sp=0x0000000309e535a0,  free space=1017k
Native frames: (J=compiled Java code, j=interpreted, Vv=VM code, C=native code)
C  [libzip.dylib+0x653c]  newEntry+0x5c
C  [libzip.dylib+0x640c]  ZIP_GetEntry2+0x15c
C  [libzip.dylib+0x6e2e]  ZIP_FindEntry+0x2e
V  [libjvm.dylib+0x2e6cfb]  _ZN17ClassPathZipEntry10open_entryEP10JavaThreadPKcPib+0x6b
V  [libjvm.dylib+0x2e6e30]  _ZN17ClassPathZipEntry11open_streamEP10JavaThreadPKc+0x20
V  [libjvm.dylib+0x2ea850]  _ZN11ClassLoader10load_classEP6SymbolbP10JavaThread+0x190
V  [libjvm.dylib+0x9b004d]  _ZN16SystemDictionary24load_instance_class_implEP6Symbol6HandleP10JavaThread+0x37d
V  [libjvm.dylib+0x9aea25]  _ZN16SystemDictionary19load_instance_classEjP6Symbol6HandleP10JavaThread+0x25
V  [libjvm.dylib+0x9adfd2]  _ZN16SystemDictionary30resolve_instance_class_or_nullEP6Symbol6HandleS2_P10JavaThread+0x562
V  [libjvm.dylib+0x9ad564]  _ZN16SystemDictionary15resolve_or_failEP6Symbol6HandleS2_bP10JavaThread+0x64
V  [libjvm.dylib+0x347498]  _ZN12ConstantPool13klass_at_implERK18constantPoolHandleiP10JavaThread+0x168
V  [libjvm.dylib+0x50c08a]  _ZN18InterpreterRuntime4_newEP10JavaThreadP12ConstantPooli+0x6a
j  com.intellij.rt.debugger.agent.CaptureAgent.<clinit>()V+27
v  ~StubRoutines::call_stub
V  [libjvm.dylib+0x515ce1]  _ZN9JavaCalls11call_helperEP9JavaValueRK12methodHandleP17JavaCallArgumentsP10JavaThread+0x2a1
V  [libjvm.dylib+0x4f46b4]  _ZN13InstanceKlass22call_class_initializerEP10JavaThread+0x254
V  [libjvm.dylib+0x4f37ad]  _ZN13InstanceKlass15initialize_implEP10JavaThread+0x4ed
V  [libjvm.dylib+0xa228d5]  _ZL30Unsafe_EnsureClassInitialized0P7JNIEnv_P8_jobjectS2_+0xd5
j  jdk.internal.misc.Unsafe.ensureClassInitialized0(Ljava/lang/Class;)V+0 java.base@18.0.2
j  jdk.internal.misc.Unsafe.ensureClassInitialized(Ljava/lang/Class;)V+14 java.base@18.0.2
j  jdk.internal.reflect.MethodHandleAccessorFactory.ensureClassInitialized(Ljava/lang/Class;)V+14 java.base@18.0.2
j  jdk.internal.reflect.MethodHandleAccessorFactory.newMethodAccessor(Ljava/lang/reflect/Method;Z)Ljdk/internal/reflect/MethodAccessorImpl;+17 java.base@18.0.2
j  jdk.internal.reflect.ReflectionFactory.newMethodAccessor(Ljava/lang/reflect/Method;Z)Ljdk/internal/reflect/MethodAccessor;+31 java.base@18.0.2
j  java.lang.reflect.Method.acquireMethodAccessor()Ljdk/internal/reflect/MethodAccessor;+38 java.base@18.0.2
j  java.lang.reflect.Method.invoke(Ljava/lang/Object;[Ljava/lang/Object;)Ljava/lang/Object;+75 java.base@18.0.2
j  sun.instrument.InstrumentationImpl.loadClassAndStartAgent(Ljava/lang/String;Ljava/lang/String;Ljava/lang/String;)V+167 java.instrument@18.0.2
j  sun.instrument.InstrumentationImpl.loadClassAndCallPremain(Ljava/lang/String;Ljava/lang/String;)V+6 java.instrument@18.0.2
v  ~StubRoutines::call_stub
V  [libjvm.dylib+0x515ce1]  _ZN9JavaCalls11call_helperEP9JavaValueRK12methodHandleP17JavaCallArgumentsP10JavaThread+0x2a1
V  [libjvm.dylib+0x56f36a]  _ZL20jni_invoke_nonstaticP7JNIEnv_P9JavaValueP8_jobject11JNICallTypeP10_jmethodIDP18JNI_ArgumentPusherP10JavaThread+0x2da
V  [libjvm.dylib+0x57371c]  jni_CallVoidMethod+0x19c
C  [libinstrument.dylib+0x3584]  startJavaAgent+0x94
C  [libinstrument.dylib+0x3035]  processJavaStart+0x135
C  [libinstrument.dylib+0x28e5]  eventHandlerVMInit+0xe5
V  [libjvm.dylib+0x6c03ce]  _ZN11JvmtiExport19post_vm_initializedEv+0x28e
V  [libjvm.dylib+0x9f1047]  _ZN7Threads9create_vmEP14JavaVMInitArgsPb+0x8b7
V  [libjvm.dylib+0x587ac5]  JNI_CreateJavaVM+0x65
C  [libjli.dylib+0x46a2]  JavaMain+0x122
C  [libjli.dylib+0x7669]  ThreadJavaMain+0x9
C  [libsystem_pthread.dylib+0x64f4]  _pthread_start+0x7d
C  [libsystem_pthread.dylib+0x200f]  thread_start+0xf

Java frames: (J=compiled Java code, j=interpreted, Vv=VM code)
j  com.intellij.rt.debugger.agent.CaptureAgent.<clinit>()V+27
v  ~StubRoutines::call_stub
j  jdk.internal.misc.Unsafe.ensureClassInitialized0(Ljava/lang/Class;)V+0 java.base@18.0.2
j  jdk.internal.misc.Unsafe.ensureClassInitialized(Ljava/lang/Class;)V+14 java.base@18.0.2
j  jdk.internal.reflect.MethodHandleAccessorFactory.ensureClassInitialized(Ljava/lang/Class;)V+14 java.base@18.0.2
j  jdk.internal.reflect.MethodHandleAccessorFactory.newMethodAccessor(Ljava/lang/reflect/Method;Z)Ljdk/internal/reflect/MethodAccessorImpl;+17 java.base@18.0.2
j  jdk.internal.reflect.ReflectionFactory.newMethodAccessor(Ljava/lang/reflect/Method;Z)Ljdk/internal/reflect/MethodAccessor;+31 java.base@18.0.2
j  java.lang.reflect.Method.acquireMethodAccessor()Ljdk/internal/reflect/MethodAccessor;+38 java.base@18.0.2
j  java.lang.reflect.Method.invoke(Ljava/lang/Object;[Ljava/lang/Object;)Ljava/lang/Object;+75 java.base@18.0.2
j  sun.instrument.InstrumentationImpl.loadClassAndStartAgent(Ljava/lang/String;Ljava/lang/String;Ljava/lang/String;)V+167 java.instrument@18.0.2
j  sun.instrument.InstrumentationImpl.loadClassAndCallPremain(Ljava/lang/String;Ljava/lang/String;)V+6 java.instrument@18.0.2
v  ~StubRoutines::call_stub

siginfo: si_signo: 10 (SIGBUS), si_code: 2 (BUS_ADRERR), si_addr: 0x000000010b2f7036

Register to memory mapping:

RAX=0x0000600003281e50 points into unknown readable memory: 0x0000000000000000 | 00 00 00 00 00 00 00 00
RBX=0x0 is NULL
RCX=0x0000600003281e50 points into unknown readable memory: 0x0000000000000000 | 00 00 00 00 00 00 00 00
RDX=0x000000009f635061 is an unknown value
RSP=0x0000000309e535a0 is pointing into the stack for thread: 0x00007f7cbd008a00
RBP=0x0000000309e53620 is pointing into the stack for thread: 0x00007f7cbd008a00
RSI=0x0000000000000061 is an unknown value
RDI=0x000000010b25f000 points into unknown readable memory: 0x0000000000000000 | 00 00 00 00 00 00 00 00
R8 =0x00006c23f83c1e50 is an unknown value
R9 =0x0000000000000033 is an unknown value
R10=0x0000600003280108 points into unknown readable memory: 0x00000000001f4b35 | 35 4b 1f 00 00 00 00 00
R11=0x00000000000000ff is an unknown value
R12=0x0000600003281e50 points into unknown readable memory: 0x0000000000000000 | 00 00 00 00 00 00 00 00
R13=0x0000600002488000 points into unknown readable memory: 0x0000600003584240 | 40 42 58 03 00 60 00 00
R14=0x00007f7cce00b470 points into unknown readable memory: 0xffffffff14959a0b | 0b 9a 95 14 ff ff ff ff
R15=0x000000010b2f701a points into unknown readable memory: 50 4b 01 02 14 00


Registers:
RAX=0x0000600003281e50, RBX=0x0000000000000000, RCX=0x0000600003281e50, RDX=0x000000009f635061
RSP=0x0000000309e535a0, RBP=0x0000000309e53620, RSI=0x0000000000000061, RDI=0x000000010b25f000
R8 =0x00006c23f83c1e50, R9 =0x0000000000000033, R10=0x0000600003280108, R11=0x00000000000000ff
R12=0x0000600003281e50, R13=0x0000600002488000, R14=0x00007f7cce00b470, R15=0x000000010b2f701a
RIP=0x000000010b4ba53c, EFLAGS=0x0000000000000202, ERR=0x0000000000000004
  TRAPNO=0x000000000000000e

Top of Stack: (sp=0x0000000309e535a0)
0x0000000309e535a0:   0000000000000230 000060000358cb40
0x0000000309e535b0:   0000000309e535f0 000000010c609009
0x0000000309e535c0:   3fcce2fa7ebf564a 0000000309e53878
0x0000000309e535d0:   0000000000000000 00007f7cbcf04090
0x0000000309e535e0:   000000010ce03cfb 00007f7cc09c28b8
0x0000000309e535f0:   0000600002488000 0000000014959a0b
0x0000000309e53600:   00007f7cce00b400 000060000329cfa0
0x0000000309e53610:   0000000000000070 00007f7cbcf040c0
0x0000000309e53620:   0000000309e53670 000000010b4ba40c
0x0000000309e53630:   0000000000000033 0000000000000000
0x0000000309e53640:   0000600002488000 00007f7cbcf040c0
0x0000000309e53650:   0000600002488000 0000600001f82340
0x0000000309e53660:   0000000309e536c8 0000000309e5379c
0x0000000309e53670:   0000000309e536a0 000000010b4bae2e
0x0000000309e53680:   0000600001f82340 00007f7cbd008a00
0x0000000309e53690:   00007f7cbcf040c0 0000000309e5379c
0x0000000309e536a0:   0000000309e53780 000000010c603cfb
0x0000000309e536b0:   0000003000000018 0000600001f82340
0x0000000309e536c0:   0000000309e53600 00000000d613004e
0x0000000309e536d0:   0000000309e537c0 000000010c607b3b
0x0000000309e536e0:   000000010b2a5600 00007f7c00000014
0x0000000309e536f0:   00007f7cbcf04090 000000000000002d
0x0000000309e53700:   0000000000000460 00007f7cc09c28dc
0x0000000309e53710:   000000010b2a5600 000000000000001e
0x0000000309e53720:   000000010b25c080 00007f7cacf00000
0x0000000309e53730:   0000000309e537a0 00007ff809aa01eb
0x0000000309e53740:   0000000300000000 00007ff809a9e944
0x0000000309e53750:   e3f463f4d613004e 0000000000000000
0x0000000309e53760:   0000000000000000 0000600001f82340
0x0000000309e53770:   0000600001f82340 00007f7cbd008a00
0x0000000309e53780:   0000000309e537c0 000000010c603e30
0x0000000309e53790:   0000003000000018 0000000309e537d0 

Instructions: (pc=0x000000010b4ba53c)
0x000000010b4ba43c:   04 0f 48 8d 49 01 74 ec e9 77 ff ff ff 0f 1f 80
0x000000010b4ba44c:   00 00 00 00 45 31 ed eb 0b 45 31 ed 44 8b 75 cc
0x000000010b4ba45c:   4c 8b 4d c0 45 84 f6 74 2a 4d 85 ed 75 25 4d 85
0x000000010b4ba46c:   c9 0f 8e bd fe ff ff 43 80 7c 39 ff 2f 0f 85 b1
0x000000010b4ba47c:   fe ff ff 45 31 ed eb 0b 48 c7 87 98 00 00 00 00
0x000000010b4ba48c:   00 00 00 48 8b 7f 50 e8 02 12 00 00 4c 89 e8 48
0x000000010b4ba49c:   83 c4 18 5b 41 5c 41 5d 41 5e 41 5f 5d c3 66 0f
0x000000010b4ba4ac:   1f 44 00 00 55 48 89 e5 39 ce 75 1b 31 c0 66 0f
0x000000010b4ba4bc:   1f 44 00 00 85 f6 7e 13 ff ce 0f b6 0c 07 3a 0c
0x000000010b4ba4cc:   02 48 8d 40 01 74 ed 31 c0 eb 02 b0 01 0f b6 c0
0x000000010b4ba4dc:   5d c3 66 90 55 48 89 e5 41 57 41 56 41 55 41 54
0x000000010b4ba4ec:   53 48 83 ec 58 89 d3 49 89 f6 49 89 fd bf 48 00
0x000000010b4ba4fc:   00 00 e8 39 12 00 00 48 85 c0 74 7b 49 89 c4 48
0x000000010b4ba50c:   c7 00 00 00 00 00 48 c7 40 28 00 00 00 00 48 c7
0x000000010b4ba51c:   40 30 00 00 00 00 41 80 7d 30 00 89 5d b4 74 5f
0x000000010b4ba52c:   4d 8b 7d 18 4d 03 7e 08 4d 2b 7d 28 4c 89 6d d0
0x000000010b4ba53c:   41 0f b7 5f 1c 41 0f b6 47 1e 48 89 45 c0 45 0f
0x000000010b4ba54c:   b6 6f 1f 41 0f b7 4f 20 41 8b 47 0c 49 89 44 24
0x000000010b4ba55c:   08 41 8b 47 18 48 89 45 90 49 89 44 24 10 66 41
0x000000010b4ba56c:   83 7f 0a 00 48 89 4d c8 0f 84 9c 00 00 00 41 8b
0x000000010b4ba57c:   47 14 e9 95 00 00 00 45 31 e4 e9 95 02 00 00 4d
0x000000010b4ba58c:   8b 76 08 85 db 0f 84 dd 01 00 00 4d 8b 7d 38 4d
0x000000010b4ba59c:   85 ff 74 44 49 8b 45 40 4c 39 f0 7f 3b 48 8d 88
0x000000010b4ba5ac:   d2 1f 00 00 4c 39 f1 7c 2f 4d 01 f7 49 29 c7 48
0x000000010b4ba5bc:   05 00 20 00 00 41 0f b7 4f 1c 41 0f b7 57 1e 41
0x000000010b4ba5cc:   0f b7 77 20 4c 01 f1 48 01 d1 48 8d 4c 0e 2e 48
0x000000010b4ba5dc:   39 c1 0f 8e a3 01 00 00 4c 89 ef 4c 89 f6 ba 00
0x000000010b4ba5ec:   20 00 00 e8 0c 0f 00 00 48 85 c0 0f 84 93 01 00
0x000000010b4ba5fc:   00 49 89 c7 49 8b 7d 38 e8 f7 10 00 00 4d 89 7d
0x000000010b4ba60c:   38 4d 89 75 40 e9 22 ff ff ff 31 c0 48 89 45 88
0x000000010b4ba61c:   49 89 44 24 18 41 8b 47 10 41 89 44 24 20 45 8b
0x000000010b4ba62c:   77 2a 48 8b 45 d0 48 8b 80 b8 00 00 00 4c 01 f0 


Stack slot to memory mapping:
stack at sp + 0 slots: 0x0000000000000230 is an unknown value
stack at sp + 1 slots: 0x000060000358cb40 points into unknown readable memory: 0x000000010cf5c118 | 18 c1 f5 0c 01 00 00 00
stack at sp + 2 slots: 0x0000000309e535f0 is pointing into the stack for thread: 0x00007f7cbd008a00
stack at sp + 3 slots: 0x000000010c609009: _ZN20FormatStringEventLogILm256EE4logvEP6ThreadPKcP13__va_list_tag+0x99 in /Users/rapido/Library/Java/JavaVirtualMachines/openjdk-18.0.2/Contents/Home/lib/server/libjvm.dylib at 0x000000010c31d000
stack at sp + 4 slots: 0x3fcce2fa7ebf564a is an unknown value
stack at sp + 5 slots: 0x0000000309e53878 is pointing into the stack for thread: 0x00007f7cbd008a00
stack at sp + 6 slots: 0x0 is NULL
stack at sp + 7 slots: 0x00007f7cbcf04090 points into unknown readable memory: 0x65746e692f6d6f63 | 63 6f 6d 2f 69 6e 74 65


---------------  P R O C E S S  ---------------

Threads class SMR info:
_java_thread_list=0x0000600001194e20, length=13, elements={
0x00007f7cbd008a00, 0x00007f7ccd051c00, 0x00007f7cbd009600, 0x00007f7ccd052800,
0x00007f7ccd052200, 0x00007f7ccd053600, 0x00007f7ccd053c00, 0x00007f7ccd054200,
0x00007f7ccd054800, 0x00007f7cae008a00, 0x00007f7cce00d000, 0x00007f7cce00f800,
0x00007f7cad80b200
}
_to_delete_list=0x0000600001181400, length=12, elements={
0x00007f7cbd008a00, 0x00007f7ccd051c00, 0x00007f7cbd009600, 0x00007f7ccd052800,
0x00007f7ccd052200, 0x00007f7ccd053600, 0x00007f7ccd053c00, 0x00007f7ccd054200,
0x00007f7ccd054800, 0x00007f7cae008a00, 0x00007f7cce00d000, 0x00007f7cce00f800
}

Java Threads: ( => current thread )
=>0x00007f7cbd008a00 JavaThread "main" [_thread_in_native, id=8195, stack(0x0000000309d55000,0x0000000309e55000)]
  0x00007f7ccd051c00 JavaThread "Reference Handler" daemon [_thread_blocked, id=22591, stack(0x000000030a46a000,0x000000030a56a000)]
  0x00007f7cbd009600 JavaThread "Finalizer" daemon [_thread_blocked, id=22787, stack(0x000000030a56d000,0x000000030a66d000)]
  0x00007f7ccd052800 JavaThread "Signal Dispatcher" daemon [_thread_blocked, id=41219, stack(0x000000030a77f000,0x000000030a87f000)]
  0x00007f7ccd052200 JavaThread "Service Thread" daemon [_thread_blocked, id=40963, stack(0x000000030a882000,0x000000030a982000)]
  0x00007f7ccd053600 JavaThread "Monitor Deflation Thread" daemon [_thread_blocked, id=40451, stack(0x000000030a985000,0x000000030aa85000)]
  0x00007f7ccd053c00 JavaThread "C2 CompilerThread0" daemon [_thread_blocked, id=40195, stack(0x000000030aa88000,0x000000030ab88000)]
  0x00007f7ccd054200 JavaThread "C1 CompilerThread0" daemon [_thread_blocked, id=26371, stack(0x000000030ab8b000,0x000000030ac8b000)]
  0x00007f7ccd054800 JavaThread "Sweeper thread" daemon [_thread_blocked, id=39683, stack(0x000000030ac8e000,0x000000030ad8e000)]
  0x00007f7cae008a00 JavaThread "Common-Cleaner" daemon [_thread_blocked, id=39171, stack(0x000000030ad91000,0x000000030ae91000)]
  0x00007f7cce00d000 JavaThread "JDWP Transport Listener: dt_socket" daemon [_thread_blocked, id=38439, stack(0x000000030ae94000,0x000000030af94000)]
  0x00007f7cce00f800 JavaThread "JDWP Event Helper Thread" daemon [_thread_blocked, id=37891, stack(0x000000030af97000,0x000000030b097000)]
  0x00007f7cad80b200 JavaThread "JDWP Command Reader" daemon [_thread_in_native, id=28163, stack(0x000000030b09a000,0x000000030b19a000)]

Other Threads:
  0x00007f7cccf0afd0 VMThread "VM Thread" [stack: 0x000000030a367000,0x000000030a467000] [id=22019]
  0x00007f7cccf07550 WorkerThread "GC Thread#0" [stack: 0x0000000309e58000,0x0000000309f58000] [id=19459]
  0x00007f7cbd8042b0 ConcurrentGCThread "G1 Main Marker" [stack: 0x0000000309f5b000,0x000000030a05b000] [id=14851]
  0x00007f7cbd804b10 WorkerThread "G1 Conc#0" [stack: 0x000000030a05e000,0x000000030a15e000] [id=18691]
  0x00007f7cbd812760 ConcurrentGCThread "G1 Refine#0" [stack: 0x000000030a161000,0x000000030a261000] [id=18179]
  0x00007f7cce805350 ConcurrentGCThread "G1 Service" [stack: 0x000000030a264000,0x000000030a364000] [id=17923]

Threads with active compile tasks:

VM state: not at safepoint (normal execution)

VM Mutex/Monitor currently owned by a thread: None

Heap address: 0x0000000700000000, size: 4096 MB, Compressed Oops mode: Zero based, Oop shift amount: 3

CDS archive(s) mapped at: [0x0000000800000000-0x0000000800ba8000-0x0000000800ba8000), size 12222464, SharedBaseAddress: 0x0000000800000000, ArchiveRelocationMode: 0.
Compressed class space mapped at: 0x0000000800c00000-0x0000000840c00000, reserved size: 1073741824
Narrow klass base: 0x0000000800000000, Narrow klass shift: 0, Narrow klass range: 0x100000000

GC Precious Log:
 CardTable entry size: 512
 Card Set container configuration: InlinePtr #cards 4 size 8 Array Of Cards #cards 16 size 48 Howl #buckets 8 coarsen threshold 3686 Howl Bitmap #cards 512 size 80 coarsen threshold 460 Card regions per heap region 1 cards per card region 4096
 CPUs: 10 total, 10 available
 Memory: 16384M
 Large Page Support: Disabled
 NUMA Support: Disabled
 Compressed Oops: Enabled (Zero based)
 Heap Region Size: 2M
 Heap Min Capacity: 8M
 Heap Initial Capacity: 256M
 Heap Max Capacity: 4G
 Pre-touch: Disabled
 Parallel Workers: 9
 Concurrent Workers: 2
 Concurrent Refinement Workers: 9
 Periodic GC: Disabled

Heap:
 garbage-first heap   total 266240K, used 3992K [0x0000000700000000, 0x0000000800000000)
  region size 2048K, 2 young (4096K), 0 survivors (0K)
 Metaspace       used 280K, committed 512K, reserved 1114112K
  class space    used 10K, committed 128K, reserved 1048576K

Heap Regions: E=young(eden), S=young(survivor), O=old, HS=humongous(starts), HC=humongous(continues), CS=collection set, F=free, OA=open archive, CA=closed archive, TAMS=top-at-mark-start (previous, next)
|   0|0x0000000700000000, 0x0000000700000000, 0x0000000700200000|  0%| F|  |TAMS 0x0000000700000000, 0x0000000700000000| Untracked 
|   1|0x0000000700200000, 0x0000000700200000, 0x0000000700400000|  0%| F|  |TAMS 0x0000000700200000, 0x0000000700200000| Untracked 
|   2|0x0000000700400000, 0x0000000700400000, 0x0000000700600000|  0%| F|  |TAMS 0x0000000700400000, 0x0000000700400000| Untracked 
|   3|0x0000000700600000, 0x0000000700600000, 0x0000000700800000|  0%| F|  |TAMS 0x0000000700600000, 0x0000000700600000| Untracked 
|   4|0x0000000700800000, 0x0000000700800000, 0x0000000700a00000|  0%| F|  |TAMS 0x0000000700800000, 0x0000000700800000| Untracked 
|   5|0x0000000700a00000, 0x0000000700a00000, 0x0000000700c00000|  0%| F|  |TAMS 0x0000000700a00000, 0x0000000700a00000| Untracked 
|   6|0x0000000700c00000, 0x0000000700c00000, 0x0000000700e00000|  0%| F|  |TAMS 0x0000000700c00000, 0x0000000700c00000| Untracked 
|   7|0x0000000700e00000, 0x0000000700e00000, 0x0000000701000000|  0%| F|  |TAMS 0x0000000700e00000, 0x0000000700e00000| Untracked 
|   8|0x0000000701000000, 0x0000000701000000, 0x0000000701200000|  0%| F|  |TAMS 0x0000000701000000, 0x0000000701000000| Untracked 
|   9|0x0000000701200000, 0x0000000701200000, 0x0000000701400000|  0%| F|  |TAMS 0x0000000701200000, 0x0000000701200000| Untracked 
|  10|0x0000000701400000, 0x0000000701400000, 0x0000000701600000|  0%| F|  |TAMS 0x0000000701400000, 0x0000000701400000| Untracked 
|  11|0x0000000701600000, 0x0000000701600000, 0x0000000701800000|  0%| F|  |TAMS 0x0000000701600000, 0x0000000701600000| Untracked 
|  12|0x0000000701800000, 0x0000000701800000, 0x0000000701a00000|  0%| F|  |TAMS 0x0000000701800000, 0x0000000701800000| Untracked 
|  13|0x0000000701a00000, 0x0000000701a00000, 0x0000000701c00000|  0%| F|  |TAMS 0x0000000701a00000, 0x0000000701a00000| Untracked 
|  14|0x0000000701c00000, 0x0000000701c00000, 0x0000000701e00000|  0%| F|  |TAMS 0x0000000701c00000, 0x0000000701c00000| Untracked 
|  15|0x0000000701e00000, 0x0000000701e00000, 0x0000000702000000|  0%| F|  |TAMS 0x0000000701e00000, 0x0000000701e00000| Untracked 
|  16|0x0000000702000000, 0x0000000702000000, 0x0000000702200000|  0%| F|  |TAMS 0x0000000702000000, 0x0000000702000000| Untracked 
|  17|0x0000000702200000, 0x0000000702200000, 0x0000000702400000|  0%| F|  |TAMS 0x0000000702200000, 0x0000000702200000| Untracked 
|  18|0x0000000702400000, 0x0000000702400000, 0x0000000702600000|  0%| F|  |TAMS 0x0000000702400000, 0x0000000702400000| Untracked 
|  19|0x0000000702600000, 0x0000000702600000, 0x0000000702800000|  0%| F|  |TAMS 0x0000000702600000, 0x0000000702600000| Untracked 
|  20|0x0000000702800000, 0x0000000702800000, 0x0000000702a00000|  0%| F|  |TAMS 0x0000000702800000, 0x0000000702800000| Untracked 
|  21|0x0000000702a00000, 0x0000000702a00000, 0x0000000702c00000|  0%| F|  |TAMS 0x0000000702a00000, 0x0000000702a00000| Untracked 
|  22|0x0000000702c00000, 0x0000000702c00000, 0x0000000702e00000|  0%| F|  |TAMS 0x0000000702c00000, 0x0000000702c00000| Untracked 
|  23|0x0000000702e00000, 0x0000000702e00000, 0x0000000703000000|  0%| F|  |TAMS 0x0000000702e00000, 0x0000000702e00000| Untracked 
|  24|0x0000000703000000, 0x0000000703000000, 0x0000000703200000|  0%| F|  |TAMS 0x0000000703000000, 0x0000000703000000| Untracked 
|  25|0x0000000703200000, 0x0000000703200000, 0x0000000703400000|  0%| F|  |TAMS 0x0000000703200000, 0x0000000703200000| Untracked 
|  26|0x0000000703400000, 0x0000000703400000, 0x0000000703600000|  0%| F|  |TAMS 0x0000000703400000, 0x0000000703400000| Untracked 
|  27|0x0000000703600000, 0x0000000703600000, 0x0000000703800000|  0%| F|  |TAMS 0x0000000703600000, 0x0000000703600000| Untracked 
|  28|0x0000000703800000, 0x0000000703800000, 0x0000000703a00000|  0%| F|  |TAMS 0x0000000703800000, 0x0000000703800000| Untracked 
|  29|0x0000000703a00000, 0x0000000703a00000, 0x0000000703c00000|  0%| F|  |TAMS 0x0000000703a00000, 0x0000000703a00000| Untracked 
|  30|0x0000000703c00000, 0x0000000703c00000, 0x0000000703e00000|  0%| F|  |TAMS 0x0000000703c00000, 0x0000000703c00000| Untracked 
|  31|0x0000000703e00000, 0x0000000703e00000, 0x0000000704000000|  0%| F|  |TAMS 0x0000000703e00000, 0x0000000703e00000| Untracked 
|  32|0x0000000704000000, 0x0000000704000000, 0x0000000704200000|  0%| F|  |TAMS 0x0000000704000000, 0x0000000704000000| Untracked 
|  33|0x0000000704200000, 0x0000000704200000, 0x0000000704400000|  0%| F|  |TAMS 0x0000000704200000, 0x0000000704200000| Untracked 
|  34|0x0000000704400000, 0x0000000704400000, 0x0000000704600000|  0%| F|  |TAMS 0x0000000704400000, 0x0000000704400000| Untracked 
|  35|0x0000000704600000, 0x0000000704600000, 0x0000000704800000|  0%| F|  |TAMS 0x0000000704600000, 0x0000000704600000| Untracked 
|  36|0x0000000704800000, 0x0000000704800000, 0x0000000704a00000|  0%| F|  |TAMS 0x0000000704800000, 0x0000000704800000| Untracked 
|  37|0x0000000704a00000, 0x0000000704a00000, 0x0000000704c00000|  0%| F|  |TAMS 0x0000000704a00000, 0x0000000704a00000| Untracked 
|  38|0x0000000704c00000, 0x0000000704c00000, 0x0000000704e00000|  0%| F|  |TAMS 0x0000000704c00000, 0x0000000704c00000| Untracked 
|  39|0x0000000704e00000, 0x0000000704e00000, 0x0000000705000000|  0%| F|  |TAMS 0x0000000704e00000, 0x0000000704e00000| Untracked 
|  40|0x0000000705000000, 0x0000000705000000, 0x0000000705200000|  0%| F|  |TAMS 0x0000000705000000, 0x0000000705000000| Untracked 
|  41|0x0000000705200000, 0x0000000705200000, 0x0000000705400000|  0%| F|  |TAMS 0x0000000705200000, 0x0000000705200000| Untracked 
|  42|0x0000000705400000, 0x0000000705400000, 0x0000000705600000|  0%| F|  |TAMS 0x0000000705400000, 0x0000000705400000| Untracked 
|  43|0x0000000705600000, 0x0000000705600000, 0x0000000705800000|  0%| F|  |TAMS 0x0000000705600000, 0x0000000705600000| Untracked 
|  44|0x0000000705800000, 0x0000000705800000, 0x0000000705a00000|  0%| F|  |TAMS 0x0000000705800000, 0x0000000705800000| Untracked 
|  45|0x0000000705a00000, 0x0000000705a00000, 0x0000000705c00000|  0%| F|  |TAMS 0x0000000705a00000, 0x0000000705a00000| Untracked 
|  46|0x0000000705c00000, 0x0000000705c00000, 0x0000000705e00000|  0%| F|  |TAMS 0x0000000705c00000, 0x0000000705c00000| Untracked 
|  47|0x0000000705e00000, 0x0000000705e00000, 0x0000000706000000|  0%| F|  |TAMS 0x0000000705e00000, 0x0000000705e00000| Untracked 
|  48|0x0000000706000000, 0x0000000706000000, 0x0000000706200000|  0%| F|  |TAMS 0x0000000706000000, 0x0000000706000000| Untracked 
|  49|0x0000000706200000, 0x0000000706200000, 0x0000000706400000|  0%| F|  |TAMS 0x0000000706200000, 0x0000000706200000| Untracked 
|  50|0x0000000706400000, 0x0000000706400000, 0x0000000706600000|  0%| F|  |TAMS 0x0000000706400000, 0x0000000706400000| Untracked 
|  51|0x0000000706600000, 0x0000000706600000, 0x0000000706800000|  0%| F|  |TAMS 0x0000000706600000, 0x0000000706600000| Untracked 
|  52|0x0000000706800000, 0x0000000706800000, 0x0000000706a00000|  0%| F|  |TAMS 0x0000000706800000, 0x0000000706800000| Untracked 
|  53|0x0000000706a00000, 0x0000000706a00000, 0x0000000706c00000|  0%| F|  |TAMS 0x0000000706a00000, 0x0000000706a00000| Untracked 
|  54|0x0000000706c00000, 0x0000000706c00000, 0x0000000706e00000|  0%| F|  |TAMS 0x0000000706c00000, 0x0000000706c00000| Untracked 
|  55|0x0000000706e00000, 0x0000000706e00000, 0x0000000707000000|  0%| F|  |TAMS 0x0000000706e00000, 0x0000000706e00000| Untracked 
|  56|0x0000000707000000, 0x0000000707000000, 0x0000000707200000|  0%| F|  |TAMS 0x0000000707000000, 0x0000000707000000| Untracked 
|  57|0x0000000707200000, 0x0000000707200000, 0x0000000707400000|  0%| F|  |TAMS 0x0000000707200000, 0x0000000707200000| Untracked 
|  58|0x0000000707400000, 0x0000000707400000, 0x0000000707600000|  0%| F|  |TAMS 0x0000000707400000, 0x0000000707400000| Untracked 
|  59|0x0000000707600000, 0x0000000707600000, 0x0000000707800000|  0%| F|  |TAMS 0x0000000707600000, 0x0000000707600000| Untracked 
|  60|0x0000000707800000, 0x0000000707800000, 0x0000000707a00000|  0%| F|  |TAMS 0x0000000707800000, 0x0000000707800000| Untracked 
|  61|0x0000000707a00000, 0x0000000707a00000, 0x0000000707c00000|  0%| F|  |TAMS 0x0000000707a00000, 0x0000000707a00000| Untracked 
|  62|0x0000000707c00000, 0x0000000707c00000, 0x0000000707e00000|  0%| F|  |TAMS 0x0000000707c00000, 0x0000000707c00000| Untracked 
|  63|0x0000000707e00000, 0x0000000707e00000, 0x0000000708000000|  0%| F|  |TAMS 0x0000000707e00000, 0x0000000707e00000| Untracked 
|  64|0x0000000708000000, 0x0000000708000000, 0x0000000708200000|  0%| F|  |TAMS 0x0000000708000000, 0x0000000708000000| Untracked 
|  65|0x0000000708200000, 0x0000000708200000, 0x0000000708400000|  0%| F|  |TAMS 0x0000000708200000, 0x0000000708200000| Untracked 
|  66|0x0000000708400000, 0x0000000708400000, 0x0000000708600000|  0%| F|  |TAMS 0x0000000708400000, 0x0000000708400000| Untracked 
|  67|0x0000000708600000, 0x0000000708600000, 0x0000000708800000|  0%| F|  |TAMS 0x0000000708600000, 0x0000000708600000| Untracked 
|  68|0x0000000708800000, 0x0000000708800000, 0x0000000708a00000|  0%| F|  |TAMS 0x0000000708800000, 0x0000000708800000| Untracked 
|  69|0x0000000708a00000, 0x0000000708a00000, 0x0000000708c00000|  0%| F|  |TAMS 0x0000000708a00000, 0x0000000708a00000| Untracked 
|  70|0x0000000708c00000, 0x0000000708c00000, 0x0000000708e00000|  0%| F|  |TAMS 0x0000000708c00000, 0x0000000708c00000| Untracked 
|  71|0x0000000708e00000, 0x0000000708e00000, 0x0000000709000000|  0%| F|  |TAMS 0x0000000708e00000, 0x0000000708e00000| Untracked 
|  72|0x0000000709000000, 0x0000000709000000, 0x0000000709200000|  0%| F|  |TAMS 0x0000000709000000, 0x0000000709000000| Untracked 
|  73|0x0000000709200000, 0x0000000709200000, 0x0000000709400000|  0%| F|  |TAMS 0x0000000709200000, 0x0000000709200000| Untracked 
|  74|0x0000000709400000, 0x0000000709400000, 0x0000000709600000|  0%| F|  |TAMS 0x0000000709400000, 0x0000000709400000| Untracked 
|  75|0x0000000709600000, 0x0000000709600000, 0x0000000709800000|  0%| F|  |TAMS 0x0000000709600000, 0x0000000709600000| Untracked 
|  76|0x0000000709800000, 0x0000000709800000, 0x0000000709a00000|  0%| F|  |TAMS 0x0000000709800000, 0x0000000709800000| Untracked 
|  77|0x0000000709a00000, 0x0000000709a00000, 0x0000000709c00000|  0%| F|  |TAMS 0x0000000709a00000, 0x0000000709a00000| Untracked 
|  78|0x0000000709c00000, 0x0000000709c00000, 0x0000000709e00000|  0%| F|  |TAMS 0x0000000709c00000, 0x0000000709c00000| Untracked 
|  79|0x0000000709e00000, 0x0000000709e00000, 0x000000070a000000|  0%| F|  |TAMS 0x0000000709e00000, 0x0000000709e00000| Untracked 
|  80|0x000000070a000000, 0x000000070a000000, 0x000000070a200000|  0%| F|  |TAMS 0x000000070a000000, 0x000000070a000000| Untracked 
|  81|0x000000070a200000, 0x000000070a200000, 0x000000070a400000|  0%| F|  |TAMS 0x000000070a200000, 0x000000070a200000| Untracked 
|  82|0x000000070a400000, 0x000000070a400000, 0x000000070a600000|  0%| F|  |TAMS 0x000000070a400000, 0x000000070a400000| Untracked 
|  83|0x000000070a600000, 0x000000070a600000, 0x000000070a800000|  0%| F|  |TAMS 0x000000070a600000, 0x000000070a600000| Untracked 
|  84|0x000000070a800000, 0x000000070a800000, 0x000000070aa00000|  0%| F|  |TAMS 0x000000070a800000, 0x000000070a800000| Untracked 
|  85|0x000000070aa00000, 0x000000070aa00000, 0x000000070ac00000|  0%| F|  |TAMS 0x000000070aa00000, 0x000000070aa00000| Untracked 
|  86|0x000000070ac00000, 0x000000070ac00000, 0x000000070ae00000|  0%| F|  |TAMS 0x000000070ac00000, 0x000000070ac00000| Untracked 
|  87|0x000000070ae00000, 0x000000070ae00000, 0x000000070b000000|  0%| F|  |TAMS 0x000000070ae00000, 0x000000070ae00000| Untracked 
|  88|0x000000070b000000, 0x000000070b000000, 0x000000070b200000|  0%| F|  |TAMS 0x000000070b000000, 0x000000070b000000| Untracked 
|  89|0x000000070b200000, 0x000000070b200000, 0x000000070b400000|  0%| F|  |TAMS 0x000000070b200000, 0x000000070b200000| Untracked 
|  90|0x000000070b400000, 0x000000070b400000, 0x000000070b600000|  0%| F|  |TAMS 0x000000070b400000, 0x000000070b400000| Untracked 
|  91|0x000000070b600000, 0x000000070b600000, 0x000000070b800000|  0%| F|  |TAMS 0x000000070b600000, 0x000000070b600000| Untracked 
|  92|0x000000070b800000, 0x000000070b800000, 0x000000070ba00000|  0%| F|  |TAMS 0x000000070b800000, 0x000000070b800000| Untracked 
|  93|0x000000070ba00000, 0x000000070ba00000, 0x000000070bc00000|  0%| F|  |TAMS 0x000000070ba00000, 0x000000070ba00000| Untracked 
|  94|0x000000070bc00000, 0x000000070bc00000, 0x000000070be00000|  0%| F|  |TAMS 0x000000070bc00000, 0x000000070bc00000| Untracked 
|  95|0x000000070be00000, 0x000000070be00000, 0x000000070c000000|  0%| F|  |TAMS 0x000000070be00000, 0x000000070be00000| Untracked 
|  96|0x000000070c000000, 0x000000070c000000, 0x000000070c200000|  0%| F|  |TAMS 0x000000070c000000, 0x000000070c000000| Untracked 
|  97|0x000000070c200000, 0x000000070c200000, 0x000000070c400000|  0%| F|  |TAMS 0x000000070c200000, 0x000000070c200000| Untracked 
|  98|0x000000070c400000, 0x000000070c400000, 0x000000070c600000|  0%| F|  |TAMS 0x000000070c400000, 0x000000070c400000| Untracked 
|  99|0x000000070c600000, 0x000000070c600000, 0x000000070c800000|  0%| F|  |TAMS 0x000000070c600000, 0x000000070c600000| Untracked 
| 100|0x000000070c800000, 0x000000070c800000, 0x000000070ca00000|  0%| F|  |TAMS 0x000000070c800000, 0x000000070c800000| Untracked 
| 101|0x000000070ca00000, 0x000000070ca00000, 0x000000070cc00000|  0%| F|  |TAMS 0x000000070ca00000, 0x000000070ca00000| Untracked 
| 102|0x000000070cc00000, 0x000000070cc00000, 0x000000070ce00000|  0%| F|  |TAMS 0x000000070cc00000, 0x000000070cc00000| Untracked 
| 103|0x000000070ce00000, 0x000000070ce00000, 0x000000070d000000|  0%| F|  |TAMS 0x000000070ce00000, 0x000000070ce00000| Untracked 
| 104|0x000000070d000000, 0x000000070d000000, 0x000000070d200000|  0%| F|  |TAMS 0x000000070d000000, 0x000000070d000000| Untracked 
| 105|0x000000070d200000, 0x000000070d200000, 0x000000070d400000|  0%| F|  |TAMS 0x000000070d200000, 0x000000070d200000| Untracked 
| 106|0x000000070d400000, 0x000000070d400000, 0x000000070d600000|  0%| F|  |TAMS 0x000000070d400000, 0x000000070d400000| Untracked 
| 107|0x000000070d600000, 0x000000070d600000, 0x000000070d800000|  0%| F|  |TAMS 0x000000070d600000, 0x000000070d600000| Untracked 
| 108|0x000000070d800000, 0x000000070d800000, 0x000000070da00000|  0%| F|  |TAMS 0x000000070d800000, 0x000000070d800000| Untracked 
| 109|0x000000070da00000, 0x000000070da00000, 0x000000070dc00000|  0%| F|  |TAMS 0x000000070da00000, 0x000000070da00000| Untracked 
| 110|0x000000070dc00000, 0x000000070dc00000, 0x000000070de00000|  0%| F|  |TAMS 0x000000070dc00000, 0x000000070dc00000| Untracked 
| 111|0x000000070de00000, 0x000000070de00000, 0x000000070e000000|  0%| F|  |TAMS 0x000000070de00000, 0x000000070de00000| Untracked 
| 112|0x000000070e000000, 0x000000070e000000, 0x000000070e200000|  0%| F|  |TAMS 0x000000070e000000, 0x000000070e000000| Untracked 
| 113|0x000000070e200000, 0x000000070e200000, 0x000000070e400000|  0%| F|  |TAMS 0x000000070e200000, 0x000000070e200000| Untracked 
| 114|0x000000070e400000, 0x000000070e400000, 0x000000070e600000|  0%| F|  |TAMS 0x000000070e400000, 0x000000070e400000| Untracked 
| 115|0x000000070e600000, 0x000000070e600000, 0x000000070e800000|  0%| F|  |TAMS 0x000000070e600000, 0x000000070e600000| Untracked 
| 116|0x000000070e800000, 0x000000070e800000, 0x000000070ea00000|  0%| F|  |TAMS 0x000000070e800000, 0x000000070e800000| Untracked 
| 117|0x000000070ea00000, 0x000000070ea00000, 0x000000070ec00000|  0%| F|  |TAMS 0x000000070ea00000, 0x000000070ea00000| Untracked 
| 118|0x000000070ec00000, 0x000000070ec00000, 0x000000070ee00000|  0%| F|  |TAMS 0x000000070ec00000, 0x000000070ec00000| Untracked 
| 119|0x000000070ee00000, 0x000000070ee00000, 0x000000070f000000|  0%| F|  |TAMS 0x000000070ee00000, 0x000000070ee00000| Untracked 
| 120|0x000000070f000000, 0x000000070f000000, 0x000000070f200000|  0%| F|  |TAMS 0x000000070f000000, 0x000000070f000000| Untracked 
| 121|0x000000070f200000, 0x000000070f200000, 0x000000070f400000|  0%| F|  |TAMS 0x000000070f200000, 0x000000070f200000| Untracked 
| 122|0x000000070f400000, 0x000000070f400000, 0x000000070f600000|  0%| F|  |TAMS 0x000000070f400000, 0x000000070f400000| Untracked 
| 123|0x000000070f600000, 0x000000070f600000, 0x000000070f800000|  0%| F|  |TAMS 0x000000070f600000, 0x000000070f600000| Untracked 
| 124|0x000000070f800000, 0x000000070f800000, 0x000000070fa00000|  0%| F|  |TAMS 0x000000070f800000, 0x000000070f800000| Untracked 
| 125|0x000000070fa00000, 0x000000070fa00000, 0x000000070fc00000|  0%| F|  |TAMS 0x000000070fa00000, 0x000000070fa00000| Untracked 
| 126|0x000000070fc00000, 0x000000070fc00800, 0x000000070fe00000|  0%| E|  |TAMS 0x000000070fc00000, 0x000000070fc00000| Complete 
| 127|0x000000070fe00000, 0x0000000710000000, 0x0000000710000000|100%| E|CS|TAMS 0x000000070fe00000, 0x000000070fe00000| Complete 
|2046|0x00000007ffc00000, 0x00000007ffd74000, 0x00000007ffe00000| 72%|OA|  |TAMS 0x00000007ffc00000, 0x00000007ffc00000| Untracked 
|2047|0x00000007ffe00000, 0x00000007ffe72000, 0x0000000800000000| 22%|CA|  |TAMS 0x00000007ffe00000, 0x00000007ffe00000| Untracked 

Card table byte_map: [0x00000001253f2000,0x0000000125bf2000] _byte_map_base: 0x0000000121bf2000

Marking Bits (Prev, Next): (CMBitMap*) 0x00007f7ccd80ae10, (CMBitMap*) 0x00007f7ccd80ae50
 Prev Bits: [0x00000001263f2000, 0x000000012a3f2000)
 Next Bits: [0x000000012a3f2000, 0x000000012e3f2000)

Polling page: 0x0000000102c38000

Metaspace:

Usage:
  Non-class:    270.19 KB used.
      Class:     10.64 KB used.
       Both:    280.83 KB used.

Virtual space:
  Non-class space:       64.00 MB reserved,     384.00 KB ( <1%) committed,  1 nodes.
      Class space:        1.00 GB reserved,     128.00 KB ( <1%) committed,  1 nodes.
             Both:        1.06 GB reserved,     512.00 KB ( <1%) committed. 

Chunk freelists:
   Non-Class:  4.00 MB
       Class:  3.75 MB
        Both:  7.74 MB

MaxMetaspaceSize: unlimited
CompressedClassSpaceSize: 1.00 GB
Initial GC threshold: 21.00 MB
Current GC threshold: 21.00 MB
CDS: on
MetaspaceReclaimPolicy: balanced
 - commit_granule_bytes: 65536.
 - commit_granule_words: 8192.
 - virtual_space_node_default_size: 8388608.
 - enlarge_chunks_in_place: 1.
 - new_chunks_are_fully_committed: 0.
 - uncommit_free_chunks: 1.
 - use_allocation_guard: 0.


Internal statistics:

num_allocs_failed_limit: 0.
num_arena_births: 6.
num_arena_deaths: 0.
num_vsnodes_births: 2.
num_vsnodes_deaths: 0.
num_space_committed: 8.
num_space_uncommitted: 0.
num_chunks_returned_to_freelist: 0.
num_chunks_taken_from_freelist: 7.
num_chunk_merges: 0.
num_chunk_splits: 4.
num_chunks_enlarged: 2.
num_inconsistent_stats: 0.

CodeHeap 'non-profiled nmethods': size=120028Kb used=57Kb max_used=57Kb free=119970Kb
 bounds [0x000000011debb000, 0x000000011e12b000, 0x00000001253f2000]
CodeHeap 'profiled nmethods': size=120028Kb used=193Kb max_used=193Kb free=119834Kb
 bounds [0x0000000116984000, 0x0000000116bf4000, 0x000000011debb000]
CodeHeap 'non-nmethods': size=5704Kb used=1134Kb max_used=1148Kb free=4569Kb
 bounds [0x00000001163f2000, 0x0000000116662000, 0x0000000116984000]
 total_blobs=514 nmethods=174 adapters=255
 compilation: enabled
              stopped_count=0, restarted_count=0
 full_count=0

Compilation events (20 events):
Event: 0.116 Thread 0x00007f7ccd054200  165       3       java.util.HashSet::<init> (16 bytes)
Event: 0.116 Thread 0x00007f7ccd053c00  166       4       java.util.HashMap::putVal (300 bytes)
Event: 0.116 Thread 0x00007f7ccd054200 nmethod 165 0x00000001169b3710 code [0x00000001169b38e0, 0x00000001169b3cf0]
Event: 0.117 Thread 0x00007f7ccd054200  168       1       java.lang.module.ResolvedModule::configuration (5 bytes)
Event: 0.117 Thread 0x00007f7ccd054200 nmethod 168 0x000000011dec6e10 code [0x000000011dec6fa0, 0x000000011dec7070]
Event: 0.117 Thread 0x00007f7ccd054200  169       1       java.lang.module.ModuleDescriptor::isOpen (5 bytes)
Event: 0.117 Thread 0x00007f7ccd054200 nmethod 169 0x000000011dec7110 code [0x000000011dec72a0, 0x000000011dec7370]
Event: 0.117 Thread 0x00007f7ccd054200  170       1       java.util.HashMap::size (5 bytes)
Event: 0.117 Thread 0x00007f7ccd054200 nmethod 170 0x000000011dec7410 code [0x000000011dec75a0, 0x000000011dec7670]
Event: 0.118 Thread 0x00007f7ccd054200  171       1       java.lang.module.ModuleDescriptor$Provides::service (5 bytes)
Event: 0.118 Thread 0x00007f7ccd054200 nmethod 171 0x000000011dec7710 code [0x000000011dec78a0, 0x000000011dec7970]
Event: 0.119 Thread 0x00007f7ccd054200  172       3       java.lang.AbstractStringBuilder::isLatin1 (19 bytes)
Event: 0.119 Thread 0x00007f7ccd054200 nmethod 172 0x00000001169b3e90 code [0x00000001169b4020, 0x00000001169b4190]
Event: 0.133 Thread 0x00007f7ccd053c00 nmethod 166 0x000000011dec7a10 code [0x000000011dec7c20, 0x000000011dec8950]
Event: 0.133 Thread 0x00007f7ccd053c00  167       4       java.util.HashMap::newNode (13 bytes)
Event: 0.134 Thread 0x00007f7ccd053c00 nmethod 167 0x000000011dec9090 code [0x000000011dec9220, 0x000000011dec9338]
Event: 0.218 Thread 0x00007f7ccd054200  173       1       java.net.URL::getFile (5 bytes)
Event: 0.218 Thread 0x00007f7ccd054200 nmethod 173 0x000000011dec9410 code [0x000000011dec95a0, 0x000000011dec9670]
Event: 0.222 Thread 0x00007f7ccd054200  174       3       java.lang.StringBuilder::append (8 bytes)
Event: 0.223 Thread 0x00007f7ccd054200 nmethod 174 0x00000001169b4210 code [0x00000001169b43c0, 0x00000001169b4500]

GC Heap History (0 events):
No events

Deoptimization events (4 events):
Event: 0.225 Thread 0x00007f7cbd008a00 Uncommon trap: trap_request=0xfffffff4 fr.pc=0x000000011dec63b8 relative=0x0000000000000198
Event: 0.225 Thread 0x00007f7cbd008a00 Uncommon trap: reason=null_check action=make_not_entrant pc=0x000000011dec63b8 method=java.lang.String.equals(Ljava/lang/Object;)Z @ 8 c2
Event: 0.225 Thread 0x00007f7cbd008a00 DEOPT PACKING pc=0x000000011dec63b8 sp=0x0000000309e54320
Event: 0.225 Thread 0x00007f7cbd008a00 DEOPT UNPACKING pc=0x0000000116444093 sp=0x0000000309e542e8 mode 2

Classes loaded (20 events):
Event: 0.219 Loading class java/lang/instrument/Instrumentation
Event: 0.219 Loading class java/lang/instrument/Instrumentation done
Event: 0.219 Loading class sun/instrument/InstrumentationImpl done
Event: 0.224 Loading class sun/instrument/TransformerManager
Event: 0.224 Loading class sun/instrument/TransformerManager done
Event: 0.224 Loading class sun/instrument/TransformerManager$TransformerInfo
Event: 0.224 Loading class sun/instrument/TransformerManager$TransformerInfo done
Event: 0.224 Loading class com/intellij/rt/debugger/agent/CaptureAgent
Event: 0.224 Loading class com/intellij/rt/debugger/agent/CaptureAgent done
Event: 0.224 Loading class com/intellij/rt/debugger/agent/CaptureAgent$KeyProvider
Event: 0.224 Loading class com/intellij/rt/debugger/agent/CaptureAgent$KeyProvider done
Event: 0.224 Loading class java/lang/instrument/UnmodifiableClassException
Event: 0.224 Loading class java/lang/instrument/UnmodifiableClassException done
Event: 0.224 Loading class java/io/IOException
Event: 0.224 Loading class java/io/IOException done
Event: 0.224 Loading class com/intellij/rt/debugger/agent/CaptureAgent$InstrumentPoint
Event: 0.225 Loading class com/intellij/rt/debugger/agent/CaptureAgent$InstrumentPoint done
Event: 0.225 Loading class com/intellij/rt/debugger/agent/CaptureAgent$ParamKeyProvider
Event: 0.226 Loading class com/intellij/rt/debugger/agent/CaptureAgent$ParamKeyProvider done
Event: 0.226 Loading class com/intellij/rt/debugger/agent/CaptureAgent$1

Classes unloaded (0 events):
No events

Classes redefined (0 events):
No events

Internal exceptions (1 events):
Event: 0.225 Thread 0x00007f7cbd008a00 Implicit null exception at 0x000000011dec6255 to 0x000000011dec63a8

VM Operations (8 events):
Event: 0.090 Executing VM operation: HandshakeAllThreads
Event: 0.090 Executing VM operation: HandshakeAllThreads done
Event: 0.125 Executing VM operation: ChangeBreakpoints
Event: 0.128 Executing VM operation: ChangeBreakpoints done
Event: 0.221 Executing VM operation: ChangeBreakpoints
Event: 0.221 Executing VM operation: ChangeBreakpoints done
Event: 0.222 Executing VM operation: ChangeBreakpoints
Event: 0.222 Executing VM operation: ChangeBreakpoints done

Events (20 events):
Event: 0.037 Protecting memory [0x000000030a77f000,0x000000030a783000] with protection modes 0
Event: 0.037 Thread 0x00007f7ccd052200 Thread added: 0x00007f7ccd052200
Event: 0.037 Protecting memory [0x000000030a882000,0x000000030a886000] with protection modes 0
Event: 0.037 Thread 0x00007f7ccd053600 Thread added: 0x00007f7ccd053600
Event: 0.037 Protecting memory [0x000000030a985000,0x000000030a989000] with protection modes 0
Event: 0.037 Thread 0x00007f7ccd053c00 Thread added: 0x00007f7ccd053c00
Event: 0.037 Protecting memory [0x000000030aa88000,0x000000030aa8c000] with protection modes 0
Event: 0.037 Thread 0x00007f7ccd054200 Thread added: 0x00007f7ccd054200
Event: 0.037 Protecting memory [0x000000030ab8b000,0x000000030ab8f000] with protection modes 0
Event: 0.037 Thread 0x00007f7ccd054800 Thread added: 0x00007f7ccd054800
Event: 0.037 Protecting memory [0x000000030ac8e000,0x000000030ac92000] with protection modes 0
Event: 0.076 Thread 0x00007f7cae008a00 Thread added: 0x00007f7cae008a00
Event: 0.076 Protecting memory [0x000000030ad91000,0x000000030ad95000] with protection modes 0
Event: 0.125 Thread 0x00007f7cce00d000 Thread added: 0x00007f7cce00d000
Event: 0.125 Protecting memory [0x000000030ae94000,0x000000030ae98000] with protection modes 0
Event: 0.125 Thread 0x00007f7cce00f800 Thread added: 0x00007f7cce00f800
Event: 0.125 Protecting memory [0x000000030af97000,0x000000030af9b000] with protection modes 0
Event: 0.125 Thread 0x00007f7cad80b200 Thread added: 0x00007f7cad80b200
Event: 0.125 Protecting memory [0x000000030b09a000,0x000000030b09e000] with protection modes 0
Event: 0.223 Loaded shared library /Users/rapido/Library/Java/JavaVirtualMachines/openjdk-18.0.2/Contents/Home/lib/libinstrument.dylib


Dynamic libraries:
0x000000010b26a000 	/Users/rapido/Library/Java/JavaVirtualMachines/openjdk-18.0.2/Contents/Home/lib/libjli.dylib
0x00007ff814cf3000 	/usr/lib/libz.1.dylib
0x00007ff814dd9000 	/usr/lib/libSystem.B.dylib
0x00007ff814dd4000 	/usr/lib/system/libcache.dylib
0x00007ff814d90000 	/usr/lib/system/libcommonCrypto.dylib
0x00007ff814db9000 	/usr/lib/system/libcompiler_rt.dylib
0x00007ff814daf000 	/usr/lib/system/libcopyfile.dylib
0x00007ff809a07000 	/usr/lib/system/libcorecrypto.dylib
0x00007ff809ac6000 	/usr/lib/system/libdispatch.dylib
0x00007ff809c88000 	/usr/lib/system/libdyld.dylib
0x00007ff814dcb000 	/usr/lib/system/libkeymgr.dylib
0x00007ff814d6e000 	/usr/lib/system/libmacho.dylib
0x00007ff8143f4000 	/usr/lib/system/libquarantine.dylib
0x00007ff814dc9000 	/usr/lib/system/libremovefile.dylib
0x00007ff80eb15000 	/usr/lib/system/libsystem_asl.dylib
0x00007ff8099b5000 	/usr/lib/system/libsystem_blocks.dylib
0x00007ff809b4d000 	/usr/lib/system/libsystem_c.dylib
0x00007ff814dc1000 	/usr/lib/system/libsystem_collections.dylib
0x00007ff813715000 	/usr/lib/system/libsystem_configuration.dylib
0x00007ff8129d0000 	/usr/lib/system/libsystem_containermanager.dylib
0x00007ff814aa5000 	/usr/lib/system/libsystem_coreservices.dylib
0x00007ff80c1d8000 	/usr/lib/system/libsystem_darwin.dylib
0x00007ff814dcc000 	/usr/lib/system/libsystem_dnssd.dylib
0x00007ff809b4a000 	/usr/lib/system/libsystem_featureflags.dylib
0x00007ff809c9e000 	/usr/lib/system/libsystem_info.dylib
0x00007ff814d06000 	/usr/lib/system/libsystem_m.dylib
0x00007ff809a9a000 	/usr/lib/system/libsystem_malloc.dylib
0x00007ff80eab2000 	/usr/lib/system/libsystem_networkextension.dylib
0x00007ff80c600000 	/usr/lib/system/libsystem_notify.dylib
0x00007ff81b005000 	/usr/lib/system/libsystem_product_info_filter.dylib
0x00007ff813719000 	/usr/lib/system/libsystem_sandbox.dylib
0x00007ff814dc6000 	/usr/lib/system/libsystem_secinit.dylib
0x00007ff809c45000 	/usr/lib/system/libsystem_kernel.dylib
0x00007ff809c94000 	/usr/lib/system/libsystem_platform.dylib
0x00007ff809c7c000 	/usr/lib/system/libsystem_pthread.dylib
0x00007ff8103e0000 	/usr/lib/system/libsystem_symptoms.dylib
0x00007ff8099ee000 	/usr/lib/system/libsystem_trace.dylib
0x00007ff814d9c000 	/usr/lib/system/libunwind.dylib
0x00007ff8099b7000 	/usr/lib/system/libxpc.dylib
0x00007ff809c2f000 	/usr/lib/libc++abi.dylib
0x00007ff809b0d000 	/usr/lib/libobjc.A.dylib
0x00007ff814da7000 	/usr/lib/liboah.dylib
0x00007ff809bd6000 	/usr/lib/libc++.1.dylib
0x00007ff820d60000 	/System/Library/Frameworks/Cocoa.framework/Versions/A/Cocoa
0x00007ff80c65e000 	/System/Library/Frameworks/AppKit.framework/Versions/C/AppKit
0x00007ff80fbbd000 	/System/Library/Frameworks/CoreData.framework/Versions/A/CoreData
0x00007ff80aa75000 	/System/Library/Frameworks/Foundation.framework/Versions/C/Foundation
0x00007ff80d4f0000 	/System/Library/PrivateFrameworks/UIFoundation.framework/Versions/A/UIFoundation
0x00007ff81ad0c000 	/System/Library/PrivateFrameworks/RemoteViewServices.framework/Versions/A/RemoteViewServices
0x00007ff8130ac000 	/System/Library/PrivateFrameworks/XCTTargetBootstrap.framework/Versions/A/XCTTargetBootstrap
0x00007ff816ca5000 	/System/Library/PrivateFrameworks/InternationalSupport.framework/Versions/A/InternationalSupport
0x00007ff816d2f000 	/System/Library/PrivateFrameworks/UserActivity.framework/Versions/A/UserActivity
0x00007ff81608c000 	/usr/lib/libspindump.dylib
0x00007ff80d77e000 	/System/Library/Frameworks/UniformTypeIdentifiers.framework/Versions/A/UniformTypeIdentifiers
0x00007ff8117e5000 	/usr/lib/libapp_launch_measurement.dylib
0x00007ff810599000 	/System/Library/PrivateFrameworks/CoreAnalytics.framework/Versions/A/CoreAnalytics
0x00007ff8117e8000 	/System/Library/PrivateFrameworks/CoreAutoLayout.framework/Versions/A/CoreAutoLayout
0x00007ff812a08000 	/System/Library/Frameworks/Metal.framework/Versions/A/Metal
0x00007ff813724000 	/usr/lib/liblangid.dylib
0x00007ff8130b0000 	/System/Library/PrivateFrameworks/CoreSVG.framework/Versions/A/CoreSVG
0x00007ff80eb45000 	/System/Library/PrivateFrameworks/SkyLight.framework/Versions/A/SkyLight
0x00007ff80eedb000 	/System/Library/Frameworks/CoreGraphics.framework/Versions/A/CoreGraphics
0x00007ff81b37b000 	/System/Library/Frameworks/Accelerate.framework/Versions/A/Accelerate
0x00007ff815b07000 	/System/Library/PrivateFrameworks/IconServices.framework/Versions/A/IconServices
0x00007ff8129ed000 	/System/Library/Frameworks/IOSurface.framework/Versions/A/IOSurface
0x00007ff8105c7000 	/usr/lib/libDiagnosticMessagesClient.dylib
0x00007ff81e9ec000 	/System/Library/Frameworks/ApplicationServices.framework/Versions/A/ApplicationServices
0x00007ff813098000 	/System/Library/PrivateFrameworks/DFRFoundation.framework/Versions/A/DFRFoundation
0x00007ff80bf4f000 	/usr/lib/libicucore.A.dylib
0x00007ff8179ca000 	/System/Library/Frameworks/AudioToolbox.framework/Versions/A/AudioToolbox
0x00007ff816cb1000 	/System/Library/PrivateFrameworks/DataDetectorsCore.framework/Versions/A/DataDetectorsCore
0x00007ff9125a3000 	/System/Library/PrivateFrameworks/TextInput.framework/Versions/A/TextInput
0x00007ff80eac9000 	/usr/lib/libMobileGestalt.dylib
0x00007ff812da0000 	/System/Library/Frameworks/Carbon.framework/Versions/A/Frameworks/HIToolbox.framework/Versions/A/HIToolbox
0x00007ff811212000 	/System/Library/Frameworks/QuartzCore.framework/Versions/A/QuartzCore
0x00007ff80bbef000 	/System/Library/Frameworks/Security.framework/Versions/A/Security
0x00007ff81ad44000 	/System/Library/Frameworks/Carbon.framework/Versions/A/Frameworks/SpeechRecognition.framework/Versions/A/SpeechRecognition
0x00007ff811545000 	/System/Library/PrivateFrameworks/CoreUI.framework/Versions/A/CoreUI
0x00007ff80b4c7000 	/System/Library/Frameworks/CoreAudio.framework/Versions/A/CoreAudio
0x00007ff8106b5000 	/System/Library/Frameworks/DiskArbitration.framework/Versions/A/DiskArbitration
0x00007ff81646f000 	/System/Library/PrivateFrameworks/MultitouchSupport.framework/Versions/A/MultitouchSupport
0x00007ff80eac8000 	/usr/lib/libenergytrace.dylib
0x00007ff80c54a000 	/System/Library/Frameworks/IOKit.framework/Versions/A/IOKit
0x00007ff81b130000 	/System/Library/Frameworks/CoreServices.framework/Versions/A/CoreServices
0x00007ff81177f000 	/System/Library/PrivateFrameworks/PerformanceAnalysis.framework/Versions/A/PerformanceAnalysis
0x00007ffa2208a000 	/System/Library/Frameworks/OpenGL.framework/Versions/A/OpenGL
0x00007ff814320000 	/System/Library/PrivateFrameworks/MobileKeyBag.framework/Versions/A/MobileKeyBag
0x00007ff80f60a000 	/System/Library/Frameworks/ColorSync.framework/Versions/A/ColorSync
0x00007ff809cc9000 	/System/Library/Frameworks/CoreFoundation.framework/Versions/A/CoreFoundation
0x00007ff81332b000 	/System/Library/Frameworks/CoreImage.framework/Versions/A/CoreImage
0x00007ff80b2dd000 	/System/Library/Frameworks/CoreText.framework/Versions/A/CoreText
0x00007ff8130df000 	/System/Library/Frameworks/ImageIO.framework/Versions/A/ImageIO
0x00007ff814ddf000 	/System/Library/PrivateFrameworks/SoftLinking.framework/Versions/A/SoftLinking
0x00007ff811830000 	/usr/lib/libxml2.2.dylib
0x00007ff815060000 	/usr/lib/libcompression.dylib
0x00007ff816bdb000 	/System/Library/PrivateFrameworks/TextureIO.framework/Versions/A/TextureIO
0x00007ff815780000 	/usr/lib/libate.dylib
0x00007ff815539000 	/usr/lib/liblzma.5.dylib
0x00007ff80a786000 	/System/Library/Frameworks/SystemConfiguration.framework/Versions/A/SystemConfiguration
0x00007ff814ddb000 	/usr/lib/libfakelink.dylib
0x00007ff80e61b000 	/System/Library/Frameworks/CFNetwork.framework/Versions/A/CFNetwork
0x00007ff814f1a000 	/usr/lib/libarchive.2.dylib
0x00007ff813720000 	/System/Library/PrivateFrameworks/AppleSystemInfo.framework/Versions/A/AppleSystemInfo
0x00007ff81441b000 	/usr/lib/libbsm.0.dylib
0x00007ff80dc51000 	/usr/lib/libnetwork.dylib
0x00007ff814d74000 	/usr/lib/system/libkxld.dylib
0x00007ff814049000 	/System/Library/PrivateFrameworks/IOMobileFramebuffer.framework/Versions/A/IOMobileFramebuffer
0x00007ffb1fcf6000 	/usr/lib/libCoreEntitlements.dylib
0x00007ff814a87000 	/System/Library/PrivateFrameworks/AppleFSCompression.framework/Versions/A/AppleFSCompression
0x00007ff814403000 	/usr/lib/libcoretls.dylib
0x00007ff815553000 	/usr/lib/libcoretls_cfhelpers.dylib
0x00007ff81505b000 	/usr/lib/libpam.2.dylib
0x00007ff810006000 	/usr/lib/libsqlite3.dylib
0x00007ff8155c2000 	/usr/lib/libxar.1.dylib
0x00007ff814a97000 	/usr/lib/libbz2.1.0.dylib
0x00007ff814de0000 	/usr/lib/libpcap.A.dylib
0x00007ff8103d7000 	/usr/lib/libdns_services.dylib
0x00007ff81502d000 	/usr/lib/libapple_nghttp2.dylib
0x00007ff814e17000 	/usr/lib/libiconv.2.dylib
0x00007ff814d6d000 	/usr/lib/libcharset.1.dylib
0x00007ff8117b3000 	/System/Library/Frameworks/CoreServices.framework/Versions/A/Frameworks/FSEvents.framework/Versions/A/FSEvents
0x00007ff80c1e2000 	/System/Library/Frameworks/CoreServices.framework/Versions/A/Frameworks/CarbonCore.framework/Versions/A/CarbonCore
0x00007ff81061a000 	/System/Library/Frameworks/CoreServices.framework/Versions/A/Frameworks/Metadata.framework/Versions/A/Metadata
0x00007ff814aaa000 	/System/Library/Frameworks/CoreServices.framework/Versions/A/Frameworks/OSServices.framework/Versions/A/OSServices
0x00007ff814fa1000 	/System/Library/Frameworks/CoreServices.framework/Versions/A/Frameworks/SearchKit.framework/Versions/A/SearchKit
0x00007ff810369000 	/System/Library/Frameworks/CoreServices.framework/Versions/A/Frameworks/AE.framework/Versions/A/AE
0x00007ff80a1ca000 	/System/Library/Frameworks/CoreServices.framework/Versions/A/Frameworks/LaunchServices.framework/Versions/A/LaunchServices
0x00007ff8154ea000 	/System/Library/Frameworks/CoreServices.framework/Versions/A/Frameworks/DictionaryServices.framework/Versions/A/DictionaryServices
0x00007ff8117c0000 	/System/Library/Frameworks/CoreServices.framework/Versions/A/Frameworks/SharedFileList.framework/Versions/A/SharedFileList
0x00007ff8143f7000 	/usr/lib/libCheckFix.dylib
0x00007ff80eb2c000 	/System/Library/PrivateFrameworks/TCC.framework/Versions/A/TCC
0x00007ff813726000 	/System/Library/PrivateFrameworks/CoreNLP.framework/Versions/A/CoreNLP
0x00007ff8105ca000 	/System/Library/PrivateFrameworks/MetadataUtilities.framework/Versions/A/MetadataUtilities
0x00007ff80a836000 	/usr/lib/libmecabra.dylib
0x00007ff81442b000 	/usr/lib/libmecab.dylib
0x00007ff80a801000 	/usr/lib/libCRFSuite.dylib
0x00007ff814488000 	/usr/lib/libgermantok.dylib
0x00007ff815008000 	/usr/lib/libThaiTokenizer.dylib
0x00007ff8106bc000 	/System/Library/Frameworks/Accelerate.framework/Versions/A/Frameworks/vImage.framework/Versions/A/vImage
0x00007ff81b107000 	/System/Library/Frameworks/Accelerate.framework/Versions/A/Frameworks/vecLib.framework/Versions/A/vecLib
0x00007ff815603000 	/System/Library/Frameworks/Accelerate.framework/Versions/A/Frameworks/vecLib.framework/Versions/A/libvMisc.dylib
0x00007ff813e3d000 	/System/Library/Frameworks/Accelerate.framework/Versions/A/Frameworks/vecLib.framework/Versions/A/libvDSP.dylib
0x00007ff80a542000 	/System/Library/Frameworks/Accelerate.framework/Versions/A/Frameworks/vecLib.framework/Versions/A/libBLAS.dylib
0x00007ff81513d000 	/System/Library/Frameworks/Accelerate.framework/Versions/A/Frameworks/vecLib.framework/Versions/A/libLAPACK.dylib
0x00007ff81448b000 	/System/Library/Frameworks/Accelerate.framework/Versions/A/Frameworks/vecLib.framework/Versions/A/libLinearAlgebra.dylib
0x00007ff815046000 	/System/Library/Frameworks/Accelerate.framework/Versions/A/Frameworks/vecLib.framework/Versions/A/libSparseBLAS.dylib
0x00007ff815137000 	/System/Library/Frameworks/Accelerate.framework/Versions/A/Frameworks/vecLib.framework/Versions/A/libQuadrature.dylib
0x00007ff813810000 	/System/Library/Frameworks/Accelerate.framework/Versions/A/Frameworks/vecLib.framework/Versions/A/libBNNS.dylib
0x00007ff80a717000 	/System/Library/Frameworks/Accelerate.framework/Versions/A/Frameworks/vecLib.framework/Versions/A/libSparse.dylib
0x00007ff813809000 	/System/Library/PrivateFrameworks/LinguisticData.framework/Versions/A/LinguisticData
0x00007ff80a6cc000 	/System/Library/PrivateFrameworks/Lexicon.framework/Versions/A/Lexicon
0x00007ff8155fc000 	/usr/lib/libChineseTokenizer.dylib
0x00007ff80ae30000 	/System/Library/PrivateFrameworks/LanguageModeling.framework/Versions/A/LanguageModeling
0x00007ff81500a000 	/System/Library/PrivateFrameworks/AppleSauce.framework/Versions/A/AppleSauce
0x00007ff814037000 	/System/Library/PrivateFrameworks/CoreEmoji.framework/Versions/A/CoreEmoji
0x00007ff814f09000 	/usr/lib/libcmph.dylib
0x00007ff811797000 	/System/Library/Frameworks/OpenDirectory.framework/Versions/A/Frameworks/CFOpenDirectory.framework/Versions/A/CFOpenDirectory
0x00007ff81178b000 	/System/Library/Frameworks/OpenDirectory.framework/Versions/A/OpenDirectory
0x00007ff815555000 	/System/Library/PrivateFrameworks/APFS.framework/Versions/A/APFS
0x00007ff814358000 	/System/Library/Frameworks/SecurityFoundation.framework/Versions/A/SecurityFoundation
0x00007ff8155d0000 	/usr/lib/libutil.dylib
0x00007ff80c50d000 	/System/Library/PrivateFrameworks/CoreServicesStore.framework/Versions/A/CoreServicesStore
0x00007ff8155d4000 	/usr/lib/libxslt.1.dylib
0x00007ff8143e5000 	/System/Library/PrivateFrameworks/BackgroundTaskManagement.framework/Versions/A/BackgroundTaskManagement
0x00007ff816afd000 	/System/Library/Frameworks/ImageIO.framework/Versions/A/Resources/libRadiance.dylib
0x00007ff816b06000 	/System/Library/Frameworks/ImageIO.framework/Versions/A/Resources/libJPEG.dylib
0x00007ff816a57000 	/System/Library/Frameworks/ImageIO.framework/Versions/A/Resources/libPng.dylib
0x00007ff816a78000 	/System/Library/Frameworks/ImageIO.framework/Versions/A/Resources/libTIFF.dylib
0x00007ff816b64000 	/System/Library/Frameworks/ImageIO.framework/Versions/A/Resources/libGIF.dylib
0x00007ff81638c000 	/System/Library/Frameworks/ImageIO.framework/Versions/A/Resources/libJP2.dylib
0x00007ff815ace000 	/usr/lib/libexpat.1.dylib
0x00007ff816341000 	/System/Library/PrivateFrameworks/AppleJPEG.framework/Versions/A/AppleJPEG
0x00007ff812c63000 	/System/Library/PrivateFrameworks/FontServices.framework/libFontParser.dylib
0x00007ff810313000 	/System/Library/PrivateFrameworks/RunningBoardServices.framework/Versions/A/RunningBoardServices
0x00007ff8212dc000 	/System/Library/PrivateFrameworks/IOSurfaceAccelerator.framework/Versions/A/IOSurfaceAccelerator
0x00007ff81646b000 	/System/Library/PrivateFrameworks/WatchdogClient.framework/Versions/A/WatchdogClient
0x00007ff80af1f000 	/System/Library/Frameworks/CoreDisplay.framework/Versions/A/CoreDisplay
0x00007ff812b62000 	/System/Library/Frameworks/CoreMedia.framework/Versions/A/CoreMedia
0x00007ff8129ff000 	/System/Library/PrivateFrameworks/IOAccelerator.framework/Versions/A/IOAccelerator
0x00007ff811913000 	/System/Library/Frameworks/CoreVideo.framework/Versions/A/CoreVideo
0x00007ff815059000 	/System/Library/Frameworks/MetalPerformanceShaders.framework/Versions/A/MetalPerformanceShaders
0x00007ff8164a6000 	/System/Library/Frameworks/VideoToolbox.framework/Versions/A/VideoToolbox
0x00007ff81025b000 	/System/Library/PrivateFrameworks/BaseBoard.framework/Versions/A/BaseBoard
0x00007ff80ffec000 	/System/Library/PrivateFrameworks/ProtocolBuffer.framework/Versions/A/ProtocolBuffer
0x00007ff816af6000 	/System/Library/PrivateFrameworks/GPUWrangler.framework/Versions/A/GPUWrangler
0x00007ff816ad9000 	/System/Library/PrivateFrameworks/IOPresentment.framework/Versions/A/IOPresentment
0x00007ff816b00000 	/System/Library/PrivateFrameworks/DSExternalDisplay.framework/Versions/A/DSExternalDisplay
0x00007ffa2207e000 	/System/Library/Frameworks/OpenGL.framework/Versions/A/Libraries/libCoreFSCache.dylib
0x00007ffb0df66000 	/System/Library/PrivateFrameworks/GPUCompiler.framework/Versions/31001/Libraries/libGPUCompilerUtils.dylib
0x00007ff816b69000 	/System/Library/PrivateFrameworks/CMCaptureCore.framework/Versions/A/CMCaptureCore
0x00007ff81607a000 	/System/Library/PrivateFrameworks/AppServerSupport.framework/Versions/A/AppServerSupport
0x00007ff818250000 	/System/Library/PrivateFrameworks/perfdata.framework/Versions/A/perfdata
0x00007ff80b04b000 	/System/Library/PrivateFrameworks/AudioToolboxCore.framework/Versions/A/AudioToolboxCore
0x00007ff812b3f000 	/System/Library/PrivateFrameworks/caulk.framework/Versions/A/caulk
0x00007ff817b74000 	/usr/lib/libAudioStatistics.dylib
0x00007ff90ee31000 	/System/Library/PrivateFrameworks/SystemPolicy.framework/Versions/A/SystemPolicy
0x00007ff817dc9000 	/usr/lib/libSMC.dylib
0x00007ff820c13000 	/System/Library/Frameworks/CoreMIDI.framework/Versions/A/CoreMIDI
0x00007ff816a27000 	/usr/lib/libAudioToolboxUtility.dylib
0x00007ff90b243000 	/System/Library/PrivateFrameworks/OSAServicesClient.framework/Versions/A/OSAServicesClient
0x00007ff81825d000 	/usr/lib/libperfcheck.dylib
0x00007ff90f8c3000 	/usr/lib/libmis.dylib
0x00007ffa220da000 	/System/Library/Frameworks/OpenGL.framework/Versions/A/Libraries/libGLU.dylib
0x00007ffa2209d000 	/System/Library/Frameworks/OpenGL.framework/Versions/A/Libraries/libGFXShared.dylib
0x00007ffa222ab000 	/System/Library/Frameworks/OpenGL.framework/Versions/A/Libraries/libGL.dylib
0x00007ffa220a6000 	/System/Library/Frameworks/OpenGL.framework/Versions/A/Libraries/libGLImage.dylib
0x00007ffa2209a000 	/System/Library/Frameworks/OpenGL.framework/Versions/A/Libraries/libCVMSPluginSupport.dylib
0x00007ffa22085000 	/System/Library/Frameworks/OpenGL.framework/Versions/A/Libraries/libCoreVMClient.dylib
0x00007ff8136a4000 	/System/Library/Frameworks/MetalPerformanceShaders.framework/Versions/A/Frameworks/MPSCore.framework/Versions/A/MPSCore
0x00007ff8149f2000 	/System/Library/Frameworks/MetalPerformanceShaders.framework/Versions/A/Frameworks/MPSImage.framework/Versions/A/MPSImage
0x00007ff8144a1000 	/System/Library/Frameworks/MetalPerformanceShaders.framework/Versions/A/Frameworks/MPSNeuralNetwork.framework/Versions/A/MPSNeuralNetwork
0x00007ff814916000 	/System/Library/Frameworks/MetalPerformanceShaders.framework/Versions/A/Frameworks/MPSMatrix.framework/Versions/A/MPSMatrix
0x00007ff8146d2000 	/System/Library/Frameworks/MetalPerformanceShaders.framework/Versions/A/Frameworks/MPSRayIntersector.framework/Versions/A/MPSRayIntersector
0x00007ff81494f000 	/System/Library/Frameworks/MetalPerformanceShaders.framework/Versions/A/Frameworks/MPSNDArray.framework/Versions/A/MPSNDArray
0x00007ffa26c9f000 	/System/Library/Frameworks/MetalPerformanceShaders.framework/Versions/A/Frameworks/MPSFunctions.framework/Versions/A/MPSFunctions
0x00007ff80a425000 	/System/Library/PrivateFrameworks/MetalTools.framework/Versions/A/MetalTools
0x00007ff81371e000 	/System/Library/PrivateFrameworks/AggregateDictionary.framework/Versions/A/AggregateDictionary
0x00007ff8158b0000 	/usr/lib/libIOReport.dylib
0x00007ffa236ba000 	/System/Library/Frameworks/OpenCL.framework/Versions/A/OpenCL
0x00007ff815c14000 	/System/Library/PrivateFrameworks/FaceCore.framework/Versions/A/FaceCore
0x00007ff815c05000 	/System/Library/PrivateFrameworks/GraphVisualizer.framework/Versions/A/GraphVisualizer
0x00007ffb0de71000 	/System/Library/PrivateFrameworks/FontServices.framework/Versions/A/FontServices
0x00007ff816031000 	/System/Library/PrivateFrameworks/OTSVG.framework/Versions/A/OTSVG
0x00007ff8114fb000 	/System/Library/Frameworks/ApplicationServices.framework/Versions/A/Frameworks/ATS.framework/Versions/A/Resources/libFontRegistry.dylib
0x00007ff816082000 	/System/Library/PrivateFrameworks/FontServices.framework/libhvf.dylib
0x00007ffb0de72000 	/System/Library/PrivateFrameworks/FontServices.framework/libXTFontStaticRegistryData.dylib
0x00007ff815a7e000 	/System/Library/PrivateFrameworks/AppleVA.framework/Versions/A/AppleVA
0x00007ff817b98000 	/System/Library/Frameworks/ApplicationServices.framework/Versions/A/Frameworks/ATS.framework/Versions/A/ATS
0x00007ff80f706000 	/System/Library/Frameworks/ApplicationServices.framework/Versions/A/Frameworks/HIServices.framework/Versions/A/HIServices
0x00007ff816b73000 	/System/Library/Frameworks/ApplicationServices.framework/Versions/A/Frameworks/PrintCore.framework/Versions/A/PrintCore
0x00007ff817f1c000 	/System/Library/Frameworks/ApplicationServices.framework/Versions/A/Frameworks/QD.framework/Versions/A/QD
0x00007ff817f14000 	/System/Library/Frameworks/ApplicationServices.framework/Versions/A/Frameworks/ColorSyncLegacy.framework/Versions/A/ColorSyncLegacy
0x00007ff817b88000 	/System/Library/Frameworks/ApplicationServices.framework/Versions/A/Frameworks/SpeechSynthesis.framework/Versions/A/SpeechSynthesis
0x00007ff816b34000 	/System/Library/Frameworks/ApplicationServices.framework/Versions/A/Frameworks/ATSUI.framework/Versions/A/ATSUI
0x00007ff817ea9000 	/usr/lib/libcups.2.dylib
0x00007ff81826c000 	/System/Library/Frameworks/Kerberos.framework/Versions/A/Kerberos
0x00007ff81827b000 	/System/Library/Frameworks/GSS.framework/Versions/A/GSS
0x00007ff817c04000 	/usr/lib/libresolv.9.dylib
0x00007ff816091000 	/System/Library/PrivateFrameworks/Heimdal.framework/Versions/A/Heimdal
0x00007ff81ed69000 	/System/Library/Frameworks/Kerberos.framework/Versions/A/Libraries/libHeimdalProxy.dylib
0x00007ff8103e8000 	/System/Library/Frameworks/Network.framework/Versions/A/Network
0x00007ff815ae8000 	/usr/lib/libheimdal-asn1.dylib
0x00007ff8182c7000 	/System/Library/PrivateFrameworks/CommonAuth.framework/Versions/A/CommonAuth
0x00007ff817b05000 	/System/Library/PrivateFrameworks/AudioSession.framework/Versions/A/AudioSession
0x00007ff815b78000 	/System/Library/PrivateFrameworks/MediaExperience.framework/Versions/A/MediaExperience
0x00007ff817999000 	/System/Library/PrivateFrameworks/AudioSession.framework/libSessionUtility.dylib
0x00007ff817f28000 	/System/Library/PrivateFrameworks/AudioResourceArbitration.framework/Versions/A/AudioResourceArbitration
0x00007ff81bf1a000 	/System/Library/PrivateFrameworks/PowerLog.framework/Versions/A/PowerLog
0x00007ff815af1000 	/System/Library/PrivateFrameworks/IconFoundation.framework/Versions/A/IconFoundation
0x00007ff81ad34000 	/System/Library/PrivateFrameworks/SpeechRecognitionCore.framework/Versions/A/SpeechRecognitionCore
0x000000010c31d000 	/Users/rapido/Library/Java/JavaVirtualMachines/openjdk-18.0.2/Contents/Home/lib/server/libjvm.dylib
0x000000010b2fd000 	/Users/rapido/Library/Java/JavaVirtualMachines/openjdk-18.0.2/Contents/Home/lib/libjimage.dylib
0x000000010b360000 	/Users/rapido/Library/Java/JavaVirtualMachines/openjdk-18.0.2/Contents/Home/lib/libjdwp.dylib
0x000000010b40c000 	/Users/rapido/Library/Java/JavaVirtualMachines/openjdk-18.0.2/Contents/Home/lib/libjava.dylib
0x000000010b32f000 	/Users/rapido/Library/Java/JavaVirtualMachines/openjdk-18.0.2/Contents/Home/lib/libinstrument.dylib
0x000000010b4b4000 	/Users/rapido/Library/Java/JavaVirtualMachines/openjdk-18.0.2/Contents/Home/lib/libzip.dylib
0x000000010c0e2000 	/Users/rapido/Library/Java/JavaVirtualMachines/openjdk-18.0.2/Contents/Home/lib/libdt_socket.dylib


VM Arguments:
jvm_args: -agentlib:jdwp=transport=dt_socket,address=127.0.0.1:56078,suspend=y,server=n -ea -Didea.test.cyclic.buffer.size=1048576 -javaagent:/Users/rapido/Library/Caches/JetBrains/IdeaIC2022.1/captureAgent/debugger-agent.jar -Dfile.encoding=UTF-8 
java_command: com.intellij.rt.junit.JUnitStarter -ideVersion5 -junit5 @w@/private/var/folders/v9/klx3zjwn7190pz9z13lt6hk80000gn/T/idea_working_dirs_junit1.tmp @/private/var/folders/v9/klx3zjwn7190pz9z13lt6hk80000gn/T/idea_junit1.tmp
java_class_path (initial): /Users/rapido/.m2/repository/org/junit/platform/junit-platform-launcher/1.8.1/junit-platform-launcher-1.8.1.jar:/Applications/IntelliJ IDEA CE.app/Contents/lib/idea_rt.jar:/Applications/IntelliJ IDEA CE.app/Contents/plugins/junit/lib/junit5-rt.jar:/Applications/IntelliJ IDEA CE.app/Contents/plugins/junit/lib/junit-rt.jar:/Users/rapido/IdeaProjects/ParkingLotManagement/target/test-classes:/Users/rapido/IdeaProjects/ParkingLotManagement/target/classes:/Users/rapido/.m2/repository/org/junit/jupiter/junit-jupiter/5.8.1/junit-jupiter-5.8.1.jar:/Users/rapido/.m2/repository/org/junit/jupiter/junit-jupiter-api/5.8.1/junit-jupiter-api-5.8.1.jar:/Users/rapido/.m2/repository/org/opentest4j/opentest4j/1.2.0/opentest4j-1.2.0.jar:/Users/rapido/.m2/repository/org/junit/platform/junit-platform-commons/1.8.1/junit-platform-commons-1.8.1.jar:/Users/rapido/.m2/repository/org/apiguardian/apiguardian-api/1.1.2/apiguardian-api-1.1.2.jar:/Users/rapido/.m2/repository/org/junit/jupiter/junit-jupiter-params/5.8.1/junit-jupiter-params-5.8.1.jar:/Users/rapido/.m2/repository/org/junit/jupiter/junit-jupiter-engine/5.8.1/junit-jupiter-engine-5.8.1.jar:/Users/rapido/.m2/repository/org/junit/platform/junit-platform-engine/1.8.1/junit-platform-engine-1.8.1.jar:/Users/rapido/.m2/repository/org/mockito/mockito-core/4.6.1/mockito-core-4.6.1.jar:/Users/rapido/.m2/repository/net/bytebuddy/byte-buddy/1.12.10/byte-buddy-1.12.10.jar:/Users/rapido/.m2/repository/net/bytebuddy/byte-buddy-agent/1.12.10/byte-buddy-agent-1.12.10.jar:/Users/rapido/.m2/repository/org/objenesis/objenesis/3.2/objenesis-3.2.jar:/Users/rapido/.m2/repository/org/apache/maven/plugins/maven-surefire-report-plugin/3.0.0-M7/maven-surefire-report-plugin-3.0.0-M7.jar:/Users/rapido/.m2/repository/org/apache/maven/surefire/surefire-report-parser/3.0.0-M7/surefire-report-parser-3.0.0-M7.jar:/Users/rapido/.m2/repository/org/apache/maven/surefire/surefire-logger-api/3.0.0-M7/surefire-logger-api-3.0.0-M7.jar:/Users/rapido/.m2/repository/org/apache/maven/shared/maven-shared-utils/3.3.4/maven-shared-utils-3.3.4.jar:/Users/rapido/.m2/repository/commons-io/commons-io/2.6/commons-io-2.6.jar:/Users/rapido/.m2/repository/org/apache/maven/reporting/maven-reporting-api/3.1.0/maven-reporting-api-3.1.0.jar:/Users/rapido/.m2/repository/org/apache/maven/reporting/maven-reporting-impl/3.1.0/maven-reporting-impl-3.1.0.jar:/Users/rapido/.m2/repository/org/apache/maven/doxia/doxia-sink-api/1.11.1/doxia-sink-api-1.11.1.jar:/Users/rapido/.m2/repository/org/apache/maven/doxia/doxia-logging-api/1.11.1/doxia-logging-api-1.11.1.jar:/Users/rapido/.m2/repository/org/apache/maven/doxia/doxia-decoration-model/1.11.1/doxia-decoration-model-1.11.1.jar:/Users/rapido/.m2/repository/org/codehaus/plexus/plexus-component-annotations/2.0.0/plexus-component-annotations-2.0.0.jar:/Users/rapido/.m2/repository/org/apache/maven/doxia/doxia-core/1.11.1/doxia-core-1.11.1.jar:/Users/rapido/.m2/repository/org/codehaus/plexus/plexus-container-default/2.1.0/plexus-container-default-2.1.0.jar:/Users/rapido/.m2/repository/org/codehaus/plexus/plexus-classworlds/2.6.0/plexus-classworlds-2.6.0.jar:/Users/rapido/.m2/repository/org/apache/xbean/xbean-reflect/3.7/xbean-reflect-3.7.jar:/Users/rapido/.m2/repository/com/google/collections/google-collections/1.0/google-collections-1.0.jar:/Users/rapido/.m2/repository/org/apache/commons/commons-lang3/3.8.1/commons-lang3-3.8.1.jar:/Users/rapido/.m2/repository/org/apache/commons/commons-text/1.3/commons-text-1.3.jar:/Users/rapido/.m2/repository/org/apache/httpcomponents/httpclient/4.5.13/httpclient-4.5.13.jar:/Users/rapido/.m2/repository/commons-logging/commons-logging/1.2/commons-logging-1.2.jar:/Users/rapido/.m2/repository/commons-codec/commons-codec/1.11/commons-codec-1.11.jar:/Users/rapido/.m2/repository/org/apache/httpcomponents/httpcore/4.4.14/httpcore-4.4.14.jar:/Users/rapido/.m2/repository/org/apache/maven/doxia/doxia-site-renderer/1.11.1/doxia-site-renderer-1.11.1.jar:/Users/rapido/.m2/repository/org/apache/maven/maven-artifact/3.0/maven-artifact-3.0.jar:/Users/rapido/.m2/repository/org/apache/maven/doxia/doxia-skin-model/1.11.1/doxia-skin-model-1.11.1.jar:/Users/rapido/.m2/repository/org/apache/maven/doxia/doxia-module-xhtml/1.11.1/doxia-module-xhtml-1.11.1.jar:/Users/rapido/.m2/repository/org/apache/maven/doxia/doxia-module-xhtml5/1.11.1/doxia-module-xhtml5-1.11.1.jar:/Users/rapido/.m2/repository/org/codehaus/plexus/plexus-i18n/1.0-beta-10/plexus-i18n-1.0-beta-10.jar:/Users/rapido/.m2/repository/org/codehaus/plexus/plexus-velocity/1.2/plexus-velocity-1.2.jar:/Users/rapido/.m2/repository/org/apache/velocity/velocity/1.7/velocity-1.7.jar:/Users/rapido/.m2/repository/commons-lang/commons-lang/2.4/commons-lang-2.4.jar:/Users/rapido/.m2/repository/org/apache/velocity/velocity-tools/2.0/velocity-tools-2.0.jar:/Users/rapido/.m2/repository/commons-beanutils/commons-beanutils/1.7.0/commons-beanutils-1.7.0.jar:/Users/rapido/.m2/repository/commons-digester/commons-digester/1.8/commons-digester-1.8.jar:/Users/rapido/.m2/repository/commons-chain/commons-chain/1.1/commons-chain-1.1.jar:/Users/rapido/.m2/repository/dom4j/dom4j/1.1/dom4j-1.1.jar:/Users/rapido/.m2/repository/oro/oro/2.0.8/oro-2.0.8.jar:/Users/rapido/.m2/repository/commons-collections/commons-collections/3.2.2/commons-collections-3.2.2.jar:/Users/rapido/.m2/repository/org/codehaus/plexus/plexus-utils/3.0.24/plexus-utils-3.0.24.jar
Launcher Type: SUN_STANDARD

[Global flags]
     intx CICompilerCount                          = 4                                         {product} {ergonomic}
     uint ConcGCThreads                            = 2                                         {product} {ergonomic}
     uint G1ConcRefinementThreads                  = 9                                         {product} {ergonomic}
   size_t G1HeapRegionSize                         = 2097152                                   {product} {ergonomic}
    uintx GCDrainStackTargetSize                   = 64                                        {product} {ergonomic}
   size_t InitialHeapSize                          = 268435456                                 {product} {ergonomic}
   size_t MarkStackSize                            = 4194304                                   {product} {ergonomic}
   size_t MaxHeapSize                              = 4294967296                                {product} {ergonomic}
   size_t MaxNewSize                               = 2575302656                                {product} {ergonomic}
   size_t MinHeapDeltaBytes                        = 2097152                                   {product} {ergonomic}
   size_t MinHeapSize                              = 8388608                                   {product} {ergonomic}
    uintx NonNMethodCodeHeapSize                   = 5839372                                {pd product} {ergonomic}
    uintx NonProfiledCodeHeapSize                  = 122909434                              {pd product} {ergonomic}
    uintx ProfiledCodeHeapSize                     = 122909434                              {pd product} {ergonomic}
    uintx ReservedCodeCacheSize                    = 251658240                              {pd product} {ergonomic}
     bool SegmentedCodeCache                       = true                                      {product} {ergonomic}
   size_t SoftMaxHeapSize                          = 4294967296                             {manageable} {ergonomic}
     bool UseCompressedClassPointers               = true                           {product lp64_product} {ergonomic}
     bool UseCompressedOops                        = true                           {product lp64_product} {ergonomic}
     bool UseG1GC                                  = true                                      {product} {ergonomic}
     bool UseNUMA                                  = false                                     {product} {ergonomic}
     bool UseNUMAInterleaving                      = false                                     {product} {ergonomic}

Logging:
Log output configuration:
 #0: stdout all=warning uptime,level,tags foldmultilines=false
 #1: stderr all=off uptime,level,tags foldmultilines=false

Environment Variables:
PATH=/Users/rapido/.nvm/versions/node/v14.16.1/bin:/opt/homebrew/bin:/opt/homebrew/sbin:/usr/local/bin:/usr/bin:/bin:/usr/sbin:/sbin
SHELL=/bin/zsh
LC_CTYPE=en_IN.UTF-8

Signal Handlers:
   SIGSEGV: _ZL13crash_handleriP9__siginfoPv in libjvm.dylib, mask=11100110100111111111111111111111, flags=SA_RESTART|SA_SIGINFO
    SIGBUS: _ZL13crash_handleriP9__siginfoPv in libjvm.dylib, mask=11100110100111111111111111111111, flags=SA_RESTART|SA_SIGINFO
    SIGFPE: _ZL13crash_handleriP9__siginfoPv in libjvm.dylib, mask=11100110100111111111111111111111, flags=SA_RESTART|SA_SIGINFO
   SIGPIPE: _ZL17javaSignalHandleriP9__siginfoPv in libjvm.dylib, mask=11100110100111111111111111111111, flags=SA_RESTART|SA_SIGINFO
   SIGXFSZ: _ZL17javaSignalHandleriP9__siginfoPv in libjvm.dylib, mask=11100110100111111111111111111111, flags=SA_RESTART|SA_SIGINFO
    SIGILL: _ZL13crash_handleriP9__siginfoPv in libjvm.dylib, mask=11100110100111111111111111111111, flags=SA_RESTART|SA_SIGINFO
   SIGUSR2: _ZL10SR_handleriP9__siginfoP17__darwin_ucontext in libjvm.dylib, mask=00100000000000000000000000000000, flags=SA_RESTART|SA_SIGINFO
    SIGHUP: _ZL11UserHandleriPvS_ in libjvm.dylib, mask=11100110100111111111111111111111, flags=SA_RESTART|SA_SIGINFO
    SIGINT: _ZL11UserHandleriPvS_ in libjvm.dylib, mask=11100110100111111111111111111111, flags=SA_RESTART|SA_SIGINFO
   SIGTERM: _ZL11UserHandleriPvS_ in libjvm.dylib, mask=11100110100111111111111111111111, flags=SA_RESTART|SA_SIGINFO
   SIGQUIT: _ZL11UserHandleriPvS_ in libjvm.dylib, mask=11100110100111111111111111111111, flags=SA_RESTART|SA_SIGINFO
   SIGTRAP: _ZL13crash_handleriP9__siginfoPv in libjvm.dylib, mask=11100110100111111111111111111111, flags=SA_RESTART|SA_SIGINFO


---------------  S Y S T E M  ---------------

OS:
uname: Darwin 21.3.0 Darwin Kernel Version 21.3.0: Wed Jan  5 21:37:58 PST 2022; root:xnu-8019.80.24~20/RELEASE_ARM64_T6000 x86_64
OS uptime: 13 days 13:09 hours
rlimit (soft/hard): STACK 8176k/65520k , CORE 0k/infinity , NPROC 2666/4000 , NOFILE 10240/infinity , AS infinity/infinity , CPU infinity/infinity , DATA infinity/infinity , FSIZE infinity/infinity , MEMLOCK infinity/infinity , RSS infinity/infinity
load average: 1.99 1.74 1.78

CPU: (EMULATED) total 10 (initial active 10) (1 cores per cpu, 1 threads per core) family 6 model 44 stepping 0 microcode 0x0, cx8, cmov, fxsr, mmx, sse, sse2, sse3, ssse3, sse4.1, sse4.2, popcnt, tsc, tscinvbit, aes, clmul, clflush

Memory: 4k page, physical 16777216k(17864k free), swap 1048576k(1037056k free)

vm_info: OpenJDK 64-Bit Server VM (18.0.2+9-61) for bsd-amd64 JRE (18.0.2+9-61), built on Jun  7 2022 12:07:12 by "mach5one" with clang Apple LLVM 12.0.0 (clang-1200.0.32.29)

END.
